{"c:\\Users\\Pep\\projects\\interactivebcn.com\\gulpfile.js\\index.js":{"path":"c:\\Users\\Pep\\projects\\interactivebcn.com\\gulpfile.js\\index.js","statementMap":{"0":{"start":{"line":14,"column":11},"end":{"line":14,"column":26}},"1":{"start":{"line":16,"column":17},"end":{"line":16,"column":39}},"2":{"start":{"line":19,"column":0},"end":{"line":19,"column":41}},"3":{"start":{"line":22,"column":0},"end":{"line":22,"column":78}}},"fnMap":{},"branchMap":{},"s":{"0":0,"1":0,"2":0,"3":0},"f":{},"b":{}},"c:\\Users\\Pep\\projects\\interactivebcn.com\\gulpfile.js\\tasks\\buildHtml.js":{"path":"c:\\Users\\Pep\\projects\\interactivebcn.com\\gulpfile.js\\tasks\\buildHtml.js","statementMap":{"0":{"start":{"line":2,"column":11},"end":{"line":2,"column":26}},"1":{"start":{"line":3,"column":13},"end":{"line":3,"column":35}},"2":{"start":{"line":4,"column":17},"end":{"line":4,"column":51}},"3":{"start":{"line":7,"column":19},"end":{"line":7,"column":21}},"4":{"start":{"line":8,"column":0},"end":{"line":8,"column":64}},"5":{"start":{"line":9,"column":0},"end":{"line":9,"column":73}},"6":{"start":{"line":10,"column":0},"end":{"line":10,"column":73}},"7":{"start":{"line":12,"column":0},"end":{"line":27,"column":3}},"8":{"start":{"line":13,"column":25},"end":{"line":16,"column":5}},"9":{"start":{"line":17,"column":20},"end":{"line":21,"column":5}},"10":{"start":{"line":23,"column":4},"end":{"line":26,"column":29}},"11":{"start":{"line":29,"column":0},"end":{"line":44,"column":3}},"12":{"start":{"line":30,"column":25},"end":{"line":33,"column":5}},"13":{"start":{"line":34,"column":20},"end":{"line":38,"column":5}},"14":{"start":{"line":40,"column":4},"end":{"line":43,"column":31}},"15":{"start":{"line":46,"column":0},"end":{"line":61,"column":3}},"16":{"start":{"line":47,"column":25},"end":{"line":50,"column":5}},"17":{"start":{"line":51,"column":20},"end":{"line":55,"column":5}},"18":{"start":{"line":57,"column":4},"end":{"line":60,"column":34}}},"fnMap":{"0":{"name":"(anonymous_0)","decl":{"start":{"line":12,"column":22},"end":{"line":12,"column":23}},"loc":{"start":{"line":12,"column":34},"end":{"line":27,"column":1}},"line":12},"1":{"name":"(anonymous_1)","decl":{"start":{"line":29,"column":22},"end":{"line":29,"column":23}},"loc":{"start":{"line":29,"column":34},"end":{"line":44,"column":1}},"line":29},"2":{"name":"(anonymous_2)","decl":{"start":{"line":46,"column":22},"end":{"line":46,"column":23}},"loc":{"start":{"line":46,"column":34},"end":{"line":61,"column":1}},"line":46}},"branchMap":{},"s":{"0":0,"1":0,"2":0,"3":0,"4":0,"5":0,"6":0,"7":0,"8":0,"9":0,"10":0,"11":0,"12":0,"13":0,"14":0,"15":0,"16":0,"17":0,"18":0},"f":{"0":0,"1":0,"2":0},"b":{}},"c:\\Users\\Pep\\projects\\interactivebcn.com\\gulpfile.js\\tasks\\buildLESS.js":{"path":"c:\\Users\\Pep\\projects\\interactivebcn.com\\gulpfile.js\\tasks\\buildLESS.js","statementMap":{"0":{"start":{"line":2,"column":11},"end":{"line":2,"column":26}},"1":{"start":{"line":3,"column":11},"end":{"line":3,"column":31}},"2":{"start":{"line":4,"column":17},"end":{"line":4,"column":43}},"3":{"start":{"line":5,"column":19},"end":{"line":5,"column":47}},"4":{"start":{"line":6,"column":12},"end":{"line":6,"column":33}},"5":{"start":{"line":7,"column":13},"end":{"line":7,"column":35}},"6":{"start":{"line":8,"column":13},"end":{"line":8,"column":35}},"7":{"start":{"line":10,"column":13},"end":{"line":14,"column":1}},"8":{"start":{"line":16,"column":0},"end":{"line":23,"column":3}},"9":{"start":{"line":17,"column":2},"end":{"line":22,"column":34}},"10":{"start":{"line":25,"column":0},"end":{"line":34,"column":3}},"11":{"start":{"line":26,"column":2},"end":{"line":33,"column":34}},"12":{"start":{"line":37,"column":0},"end":{"line":42,"column":3}},"13":{"start":{"line":38,"column":8},"end":{"line":41,"column":7}},"14":{"start":{"line":39,"column":8},"end":{"line":39,"column":27}},"15":{"start":{"line":40,"column":8},"end":{"line":40,"column":30}}},"fnMap":{"0":{"name":"(anonymous_0)","decl":{"start":{"line":16,"column":18},"end":{"line":16,"column":19}},"loc":{"start":{"line":16,"column":30},"end":{"line":23,"column":1}},"line":16},"1":{"name":"(anonymous_1)","decl":{"start":{"line":25,"column":21},"end":{"line":25,"column":22}},"loc":{"start":{"line":25,"column":33},"end":{"line":34,"column":1}},"line":25},"2":{"name":"(anonymous_2)","decl":{"start":{"line":37,"column":19},"end":{"line":37,"column":20}},"loc":{"start":{"line":37,"column":30},"end":{"line":42,"column":1}},"line":37},"3":{"name":"(anonymous_3)","decl":{"start":{"line":38,"column":26},"end":{"line":38,"column":27}},"loc":{"start":{"line":38,"column":37},"end":{"line":41,"column":5}},"line":38}},"branchMap":{},"s":{"0":0,"1":0,"2":0,"3":0,"4":0,"5":0,"6":0,"7":0,"8":0,"9":0,"10":0,"11":0,"12":0,"13":0,"14":0,"15":0},"f":{"0":0,"1":0,"2":0,"3":0},"b":{}},"c:\\Users\\Pep\\projects\\interactivebcn.com\\scripts\\jquery-2.1.3.min.js":{"path":"c:\\Users\\Pep\\projects\\interactivebcn.com\\scripts\\jquery-2.1.3.min.js","statementMap":{"0":{"start":{"line":2,"column":0},"end":{"line":4,"column":20037}},"1":{"start":{"line":2,"column":15},"end":{"line":2,"column":210}},"2":{"start":{"line":2,"column":118},"end":{"line":2,"column":193}},"3":{"start":{"line":2,"column":133},"end":{"line":2,"column":193}},"4":{"start":{"line":2,"column":193},"end":{"line":2,"column":204}},"5":{"start":{"line":2,"column":271},"end":{"line":2,"column":273}},"6":{"start":{"line":2,"column":276},"end":{"line":2,"column":283}},"7":{"start":{"line":2,"column":286},"end":{"line":2,"column":294}},"8":{"start":{"line":2,"column":297},"end":{"line":2,"column":303}},"9":{"start":{"line":2,"column":306},"end":{"line":2,"column":315}},"10":{"start":{"line":2,"column":318},"end":{"line":2,"column":320}},"11":{"start":{"line":2,"column":323},"end":{"line":2,"column":333}},"12":{"start":{"line":2,"column":336},"end":{"line":2,"column":352}},"13":{"start":{"line":2,"column":355},"end":{"line":2,"column":357}},"14":{"start":{"line":2,"column":360},"end":{"line":2,"column":370}},"15":{"start":{"line":2,"column":373},"end":{"line":2,"column":380}},"16":{"start":{"line":2,"column":383},"end":{"line":2,"column":423}},"17":{"start":{"line":2,"column":397},"end":{"line":2,"column":422}},"18":{"start":{"line":2,"column":426},"end":{"line":2,"column":462}},"19":{"start":{"line":2,"column":465},"end":{"line":2,"column":472}},"20":{"start":{"line":2,"column":475},"end":{"line":2,"column":489}},"21":{"start":{"line":2,"column":492},"end":{"line":2,"column":529}},"22":{"start":{"line":2,"column":506},"end":{"line":2,"column":528}},"23":{"start":{"line":2,"column":530},"end":{"line":2,"column":3972}},"24":{"start":{"line":2,"column":611},"end":{"line":2,"column":630}},"25":{"start":{"line":2,"column":648},"end":{"line":2,"column":707}},"26":{"start":{"line":2,"column":737},"end":{"line":2,"column":766}},"27":{"start":{"line":2,"column":767},"end":{"line":2,"column":816}},"28":{"start":{"line":2,"column":837},"end":{"line":2,"column":860}},"29":{"start":{"line":2,"column":878},"end":{"line":2,"column":948}},"30":{"start":{"line":2,"column":925},"end":{"line":2,"column":945}},"31":{"start":{"line":2,"column":967},"end":{"line":2,"column":1013}},"32":{"start":{"line":2,"column":1032},"end":{"line":2,"column":1049}},"33":{"start":{"line":2,"column":1067},"end":{"line":2,"column":1085}},"34":{"start":{"line":2,"column":1108},"end":{"line":2,"column":1119}},"35":{"start":{"line":2,"column":1122},"end":{"line":2,"column":1134}},"36":{"start":{"line":2,"column":1135},"end":{"line":2,"column":1180}},"37":{"start":{"line":2,"column":1197},"end":{"line":2,"column":1243}},"38":{"start":{"line":2,"column":1331},"end":{"line":2,"column":1347}},"39":{"start":{"line":2,"column":1350},"end":{"line":2,"column":1351}},"40":{"start":{"line":2,"column":1354},"end":{"line":2,"column":1370}},"41":{"start":{"line":2,"column":1373},"end":{"line":2,"column":1375}},"42":{"start":{"line":2,"column":1376},"end":{"line":2,"column":1712}},"43":{"start":{"line":2,"column":1502},"end":{"line":2,"column":1712}},"44":{"start":{"line":2,"column":1528},"end":{"line":2,"column":1712}},"45":{"start":{"line":2,"column":1539},"end":{"line":2,"column":1712}},"46":{"start":{"line":2,"column":1712},"end":{"line":2,"column":1720}},"47":{"start":{"line":2,"column":1814},"end":{"line":2,"column":1832}},"48":{"start":{"line":2,"column":1875},"end":{"line":2,"column":1903}},"49":{"start":{"line":2,"column":1948},"end":{"line":2,"column":1976}},"50":{"start":{"line":2,"column":2000},"end":{"line":2,"column":2041}},"51":{"start":{"line":2,"column":2069},"end":{"line":2,"column":2195}},"52":{"start":{"line":2,"column":2229},"end":{"line":2,"column":2249}},"53":{"start":{"line":2,"column":2240},"end":{"line":2,"column":2249}},"54":{"start":{"line":2,"column":2249},"end":{"line":2,"column":2257}},"55":{"start":{"line":2,"column":2276},"end":{"line":2,"column":2368}},"56":{"start":{"line":2,"column":2401},"end":{"line":2,"column":2405}},"57":{"start":{"line":2,"column":2406},"end":{"line":2,"column":2542}},"58":{"start":{"line":2,"column":2566},"end":{"line":2,"column":2604}},"59":{"start":{"line":2,"column":2629},"end":{"line":2,"column":2690}},"60":{"start":{"line":2,"column":2721},"end":{"line":2,"column":2722}},"61":{"start":{"line":2,"column":2725},"end":{"line":2,"column":2733}},"62":{"start":{"line":2,"column":2736},"end":{"line":2,"column":2740}},"63":{"start":{"line":2,"column":2741},"end":{"line":2,"column":2966}},"64":{"start":{"line":2,"column":2747},"end":{"line":2,"column":2849}},"65":{"start":{"line":2,"column":2753},"end":{"line":2,"column":2799}},"66":{"start":{"line":2,"column":2766},"end":{"line":2,"column":2799}},"67":{"start":{"line":2,"column":2794},"end":{"line":2,"column":2799}},"68":{"start":{"line":2,"column":2805},"end":{"line":2,"column":2849}},"69":{"start":{"line":2,"column":2816},"end":{"line":2,"column":2849}},"70":{"start":{"line":2,"column":2844},"end":{"line":2,"column":2849}},"71":{"start":{"line":2,"column":2855},"end":{"line":2,"column":2966}},"72":{"start":{"line":2,"column":2861},"end":{"line":2,"column":2911}},"73":{"start":{"line":2,"column":2874},"end":{"line":2,"column":2911}},"74":{"start":{"line":2,"column":2906},"end":{"line":2,"column":2911}},"75":{"start":{"line":2,"column":2917},"end":{"line":2,"column":2966}},"76":{"start":{"line":2,"column":2928},"end":{"line":2,"column":2966}},"77":{"start":{"line":2,"column":2960},"end":{"line":2,"column":2966}},"78":{"start":{"line":2,"column":2966},"end":{"line":2,"column":2974}},"79":{"start":{"line":2,"column":2993},"end":{"line":2,"column":3031}},"80":{"start":{"line":2,"column":3063},"end":{"line":2,"column":3068}},"81":{"start":{"line":2,"column":3069},"end":{"line":2,"column":3149}},"82":{"start":{"line":2,"column":3175},"end":{"line":2,"column":3206}},"83":{"start":{"line":2,"column":3228},"end":{"line":2,"column":3283}},"84":{"start":{"line":2,"column":3271},"end":{"line":2,"column":3283}},"85":{"start":{"line":2,"column":3283},"end":{"line":2,"column":3302}},"86":{"start":{"line":2,"column":3325},"end":{"line":2,"column":3401}},"87":{"start":{"line":2,"column":3368},"end":{"line":2,"column":3401}},"88":{"start":{"line":2,"column":3401},"end":{"line":2,"column":3409}},"89":{"start":{"line":2,"column":3439},"end":{"line":2,"column":3440}},"90":{"start":{"line":2,"column":3443},"end":{"line":2,"column":3451}},"91":{"start":{"line":2,"column":3454},"end":{"line":2,"column":3458}},"92":{"start":{"line":2,"column":3461},"end":{"line":2,"column":3463}},"93":{"start":{"line":2,"column":3464},"end":{"line":2,"column":3564}},"94":{"start":{"line":2,"column":3469},"end":{"line":2,"column":3515}},"95":{"start":{"line":2,"column":3482},"end":{"line":2,"column":3515}},"96":{"start":{"line":2,"column":3520},"end":{"line":2,"column":3564}},"97":{"start":{"line":2,"column":3531},"end":{"line":2,"column":3564}},"98":{"start":{"line":2,"column":3564},"end":{"line":2,"column":3584}},"99":{"start":{"line":2,"column":3623},"end":{"line":2,"column":3811}},"100":{"start":{"line":2,"column":3718},"end":{"line":2,"column":3769}},"101":{"start":{"line":2,"column":3934},"end":{"line":2,"column":3969}},"102":{"start":{"line":2,"column":3992},"end":{"line":2,"column":4000}},"103":{"start":{"line":2,"column":4003},"end":{"line":2,"column":4012}},"104":{"start":{"line":2,"column":4013},"end":{"line":2,"column":4126}},"105":{"start":{"line":2,"column":4133},"end":{"line":2,"column":22498}},"106":{"start":{"line":2,"column":4189},"end":{"line":2,"column":4208}},"107":{"start":{"line":2,"column":4211},"end":{"line":2,"column":4221}},"108":{"start":{"line":2,"column":4224},"end":{"line":2,"column":4225}},"109":{"start":{"line":2,"column":4228},"end":{"line":2,"column":4229}},"110":{"start":{"line":2,"column":4232},"end":{"line":2,"column":4236}},"111":{"start":{"line":2,"column":4239},"end":{"line":2,"column":4243}},"112":{"start":{"line":2,"column":4246},"end":{"line":2,"column":4250}},"113":{"start":{"line":2,"column":4253},"end":{"line":2,"column":4290}},"114":{"start":{"line":2,"column":4267},"end":{"line":2,"column":4289}},"115":{"start":{"line":2,"column":4293},"end":{"line":2,"column":4298}},"116":{"start":{"line":2,"column":4301},"end":{"line":2,"column":4318}},"117":{"start":{"line":2,"column":4321},"end":{"line":2,"column":4323}},"118":{"start":{"line":2,"column":4326},"end":{"line":2,"column":4331}},"119":{"start":{"line":2,"column":4334},"end":{"line":2,"column":4340}},"120":{"start":{"line":2,"column":4343},"end":{"line":2,"column":4349}},"121":{"start":{"line":2,"column":4352},"end":{"line":2,"column":4359}},"122":{"start":{"line":2,"column":4362},"end":{"line":2,"column":4437}},"123":{"start":{"line":2,"column":4376},"end":{"line":2,"column":4428}},"124":{"start":{"line":2,"column":4407},"end":{"line":2,"column":4428}},"125":{"start":{"line":2,"column":4419},"end":{"line":2,"column":4428}},"126":{"start":{"line":2,"column":4428},"end":{"line":2,"column":4436}},"127":{"start":{"line":2,"column":4440},"end":{"line":2,"column":4564}},"128":{"start":{"line":2,"column":4567},"end":{"line":2,"column":4588}},"129":{"start":{"line":2,"column":4591},"end":{"line":2,"column":4625}},"130":{"start":{"line":2,"column":4628},"end":{"line":2,"column":4647}},"131":{"start":{"line":2,"column":4650},"end":{"line":2,"column":4768}},"132":{"start":{"line":2,"column":4771},"end":{"line":2,"column":4882}},"133":{"start":{"line":2,"column":4885},"end":{"line":2,"column":4906}},"134":{"start":{"line":2,"column":4909},"end":{"line":2,"column":4967}},"135":{"start":{"line":2,"column":4970},"end":{"line":2,"column":4998}},"136":{"start":{"line":2,"column":5001},"end":{"line":2,"column":5041}},"137":{"start":{"line":2,"column":5044},"end":{"line":2,"column":5091}},"138":{"start":{"line":2,"column":5094},"end":{"line":2,"column":5107}},"139":{"start":{"line":2,"column":5110},"end":{"line":2,"column":5131}},"140":{"start":{"line":2,"column":5134},"end":{"line":2,"column":5604}},"141":{"start":{"line":2,"column":5607},"end":{"line":2,"column":5644}},"142":{"start":{"line":2,"column":5647},"end":{"line":2,"column":5655}},"143":{"start":{"line":2,"column":5658},"end":{"line":2,"column":5682}},"144":{"start":{"line":2,"column":5685},"end":{"line":2,"column":5719}},"145":{"start":{"line":2,"column":5723},"end":{"line":2,"column":5729}},"146":{"start":{"line":2,"column":5733},"end":{"line":2,"column":5740}},"147":{"start":{"line":2,"column":5744},"end":{"line":2,"column":5798}},"148":{"start":{"line":2,"column":5802},"end":{"line":2,"column":5934}},"149":{"start":{"line":2,"column":5824},"end":{"line":2,"column":5836}},"150":{"start":{"line":2,"column":5837},"end":{"line":2,"column":5933}},"151":{"start":{"line":2,"column":5938},"end":{"line":2,"column":5953}},"152":{"start":{"line":2,"column":5949},"end":{"line":2,"column":5952}},"153":{"start":{"line":2,"column":5954},"end":{"line":2,"column":6168}},"154":{"start":{"line":2,"column":5958},"end":{"line":2,"column":6034}},"155":{"start":{"line":2,"column":6045},"end":{"line":2,"column":6167}},"156":{"start":{"line":2,"column":6077},"end":{"line":2,"column":6097}},"157":{"start":{"line":2,"column":6119},"end":{"line":2,"column":6127}},"158":{"start":{"line":2,"column":6130},"end":{"line":2,"column":6131}},"159":{"start":{"line":2,"column":6132},"end":{"line":2,"column":6153}},"160":{"start":{"line":2,"column":6153},"end":{"line":2,"column":6165}},"161":{"start":{"line":2,"column":6213},"end":{"line":2,"column":6333}},"162":{"start":{"line":2,"column":6324},"end":{"line":2,"column":6333}},"163":{"start":{"line":2,"column":6333},"end":{"line":2,"column":7092}},"164":{"start":{"line":2,"column":6343},"end":{"line":2,"column":6717}},"165":{"start":{"line":2,"column":6368},"end":{"line":2,"column":6717}},"166":{"start":{"line":2,"column":6379},"end":{"line":2,"column":6571}},"167":{"start":{"line":2,"column":6389},"end":{"line":2,"column":6441}},"168":{"start":{"line":2,"column":6432},"end":{"line":2,"column":6441}},"169":{"start":{"line":2,"column":6441},"end":{"line":2,"column":6471}},"170":{"start":{"line":2,"column":6453},"end":{"line":2,"column":6471}},"171":{"start":{"line":2,"column":6477},"end":{"line":2,"column":6571}},"172":{"start":{"line":2,"column":6553},"end":{"line":2,"column":6571}},"173":{"start":{"line":2,"column":6577},"end":{"line":2,"column":6631}},"174":{"start":{"line":2,"column":6585},"end":{"line":2,"column":6631}},"175":{"start":{"line":2,"column":6631},"end":{"line":2,"column":6716}},"176":{"start":{"line":2,"column":6669},"end":{"line":2,"column":6716}},"177":{"start":{"line":2,"column":6717},"end":{"line":2,"column":7091}},"178":{"start":{"line":2,"column":6745},"end":{"line":2,"column":6994}},"179":{"start":{"line":2,"column":6813},"end":{"line":2,"column":6920}},"180":{"start":{"line":2,"column":6920},"end":{"line":2,"column":6946}},"181":{"start":{"line":2,"column":6930},"end":{"line":2,"column":6946}},"182":{"start":{"line":2,"column":6946},"end":{"line":2,"column":6993}},"183":{"start":{"line":2,"column":6994},"end":{"line":2,"column":7090}},"184":{"start":{"line":2,"column":6999},"end":{"line":2,"column":7090}},"185":{"start":{"line":2,"column":7003},"end":{"line":2,"column":7044}},"186":{"start":{"line":2,"column":7063},"end":{"line":2,"column":7089}},"187":{"start":{"line":2,"column":7092},"end":{"line":2,"column":7125}},"188":{"start":{"line":2,"column":7146},"end":{"line":2,"column":7148}},"189":{"start":{"line":2,"column":7165},"end":{"line":2,"column":7231}},"190":{"start":{"line":2,"column":7232},"end":{"line":2,"column":7240}},"191":{"start":{"line":2,"column":7256},"end":{"line":2,"column":7272}},"192":{"start":{"line":2,"column":7294},"end":{"line":2,"column":7316}},"193":{"start":{"line":2,"column":7317},"end":{"line":2,"column":7409}},"194":{"start":{"line":2,"column":7321},"end":{"line":2,"column":7333}},"195":{"start":{"line":2,"column":7343},"end":{"line":2,"column":7351}},"196":{"start":{"line":2,"column":7360},"end":{"line":2,"column":7408}},"197":{"start":{"line":2,"column":7433},"end":{"line":2,"column":7445}},"198":{"start":{"line":2,"column":7448},"end":{"line":2,"column":7456}},"199":{"start":{"line":2,"column":7457},"end":{"line":2,"column":7487}},"200":{"start":{"line":2,"column":7467},"end":{"line":2,"column":7487}},"201":{"start":{"line":2,"column":7511},"end":{"line":2,"column":7515}},"202":{"start":{"line":2,"column":7518},"end":{"line":2,"column":7592}},"203":{"start":{"line":2,"column":7593},"end":{"line":2,"column":7607}},"204":{"start":{"line":2,"column":7598},"end":{"line":2,"column":7607}},"205":{"start":{"line":2,"column":7607},"end":{"line":2,"column":7652}},"206":{"start":{"line":2,"column":7612},"end":{"line":2,"column":7652}},"207":{"start":{"line":2,"column":7634},"end":{"line":2,"column":7652}},"208":{"start":{"line":2,"column":7643},"end":{"line":2,"column":7652}},"209":{"start":{"line":2,"column":7652},"end":{"line":2,"column":7665}},"210":{"start":{"line":2,"column":7681},"end":{"line":2,"column":7761}},"211":{"start":{"line":2,"column":7706},"end":{"line":2,"column":7730}},"212":{"start":{"line":2,"column":7731},"end":{"line":2,"column":7760}},"213":{"start":{"line":2,"column":7777},"end":{"line":2,"column":7873}},"214":{"start":{"line":2,"column":7802},"end":{"line":2,"column":7826}},"215":{"start":{"line":2,"column":7827},"end":{"line":2,"column":7872}},"216":{"start":{"line":2,"column":7889},"end":{"line":2,"column":8020}},"217":{"start":{"line":2,"column":7911},"end":{"line":2,"column":8018}},"218":{"start":{"line":2,"column":7948},"end":{"line":2,"column":7964}},"219":{"start":{"line":2,"column":7967},"end":{"line":2,"column":7975}},"220":{"start":{"line":2,"column":7976},"end":{"line":2,"column":8016}},"221":{"start":{"line":2,"column":7986},"end":{"line":2,"column":8016}},"222":{"start":{"line":2,"column":8036},"end":{"line":2,"column":8091}},"223":{"start":{"line":2,"column":8092},"end":{"line":2,"column":17757}},"224":{"start":{"line":2,"column":8137},"end":{"line":2,"column":8176}},"225":{"start":{"line":2,"column":8177},"end":{"line":2,"column":8208}},"226":{"start":{"line":2,"column":8249},"end":{"line":2,"column":8271}},"227":{"start":{"line":2,"column":8272},"end":{"line":2,"column":11775}},"228":{"start":{"line":2,"column":8511},"end":{"line":2,"column":8562}},"229":{"start":{"line":2,"column":8603},"end":{"line":2,"column":8680}},"230":{"start":{"line":2,"column":8766},"end":{"line":2,"column":8847}},"231":{"start":{"line":2,"column":8885},"end":{"line":2,"column":8985}},"232":{"start":{"line":2,"column":8935},"end":{"line":2,"column":8954}},"233":{"start":{"line":2,"column":8955},"end":{"line":2,"column":8984}},"234":{"start":{"line":2,"column":9017},"end":{"line":2,"column":9033}},"235":{"start":{"line":2,"column":9034},"end":{"line":2,"column":9085}},"236":{"start":{"line":2,"column":9053},"end":{"line":2,"column":9084}},"237":{"start":{"line":2,"column":9136},"end":{"line":2,"column":9152}},"238":{"start":{"line":2,"column":9153},"end":{"line":2,"column":9265}},"239":{"start":{"line":2,"column":9178},"end":{"line":2,"column":9242}},"240":{"start":{"line":2,"column":9243},"end":{"line":2,"column":9264}},"241":{"start":{"line":2,"column":9316},"end":{"line":2,"column":9425}},"242":{"start":{"line":2,"column":9449},"end":{"line":2,"column":9451}},"243":{"start":{"line":2,"column":9454},"end":{"line":2,"column":9455}},"244":{"start":{"line":2,"column":9458},"end":{"line":2,"column":9483}},"245":{"start":{"line":2,"column":9484},"end":{"line":2,"column":9546}},"246":{"start":{"line":2,"column":9496},"end":{"line":2,"column":9537}},"247":{"start":{"line":2,"column":9511},"end":{"line":2,"column":9537}},"248":{"start":{"line":2,"column":9537},"end":{"line":2,"column":9545}},"249":{"start":{"line":2,"column":9546},"end":{"line":2,"column":9554}},"250":{"start":{"line":2,"column":9609},"end":{"line":2,"column":9652}},"251":{"start":{"line":2,"column":9716},"end":{"line":2,"column":10176}},"252":{"start":{"line":2,"column":10200},"end":{"line":2,"column":10224}},"253":{"start":{"line":2,"column":10225},"end":{"line":2,"column":10480}},"254":{"start":{"line":2,"column":10628},"end":{"line":2,"column":10700}},"255":{"start":{"line":2,"column":10855},"end":{"line":2,"column":10889}},"256":{"start":{"line":2,"column":10892},"end":{"line":2,"column":10907}},"257":{"start":{"line":2,"column":10908},"end":{"line":2,"column":11031}},"258":{"start":{"line":2,"column":11047},"end":{"line":2,"column":11091}},"259":{"start":{"line":2,"column":11052},"end":{"line":2,"column":11091}},"260":{"start":{"line":2,"column":11073},"end":{"line":2,"column":11091}},"261":{"start":{"line":2,"column":11082},"end":{"line":2,"column":11091}},"262":{"start":{"line":2,"column":11091},"end":{"line":2,"column":11099}},"263":{"start":{"line":2,"column":11119},"end":{"line":2,"column":11142}},"264":{"start":{"line":2,"column":11128},"end":{"line":2,"column":11142}},"265":{"start":{"line":2,"column":11148},"end":{"line":2,"column":11201}},"266":{"start":{"line":2,"column":11202},"end":{"line":2,"column":11448}},"267":{"start":{"line":2,"column":11464},"end":{"line":2,"column":11487}},"268":{"start":{"line":2,"column":11473},"end":{"line":2,"column":11487}},"269":{"start":{"line":2,"column":11495},"end":{"line":2,"column":11496}},"270":{"start":{"line":2,"column":11499},"end":{"line":2,"column":11511}},"271":{"start":{"line":2,"column":11514},"end":{"line":2,"column":11526}},"272":{"start":{"line":2,"column":11529},"end":{"line":2,"column":11532}},"273":{"start":{"line":2,"column":11535},"end":{"line":2,"column":11538}},"274":{"start":{"line":2,"column":11539},"end":{"line":2,"column":11600}},"275":{"start":{"line":2,"column":11549},"end":{"line":2,"column":11600}},"276":{"start":{"line":2,"column":11600},"end":{"line":2,"column":11624}},"277":{"start":{"line":2,"column":11609},"end":{"line":2,"column":11624}},"278":{"start":{"line":2,"column":11624},"end":{"line":2,"column":11628}},"279":{"start":{"line":2,"column":11628},"end":{"line":2,"column":11662}},"280":{"start":{"line":2,"column":11649},"end":{"line":2,"column":11662}},"281":{"start":{"line":2,"column":11662},"end":{"line":2,"column":11666}},"282":{"start":{"line":2,"column":11666},"end":{"line":2,"column":11700}},"283":{"start":{"line":2,"column":11687},"end":{"line":2,"column":11700}},"284":{"start":{"line":2,"column":11700},"end":{"line":2,"column":11722}},"285":{"start":{"line":2,"column":11718},"end":{"line":2,"column":11722}},"286":{"start":{"line":2,"column":11722},"end":{"line":2,"column":11769}},"287":{"start":{"line":2,"column":11802},"end":{"line":2,"column":11826}},"288":{"start":{"line":2,"column":11861},"end":{"line":2,"column":12078}},"289":{"start":{"line":2,"column":11973},"end":{"line":2,"column":12078}},"290":{"start":{"line":2,"column":11983},"end":{"line":2,"column":11994}},"291":{"start":{"line":2,"column":11995},"end":{"line":2,"column":12067}},"292":{"start":{"line":2,"column":12059},"end":{"line":2,"column":12067}},"293":{"start":{"line":2,"column":12078},"end":{"line":2,"column":12110}},"294":{"start":{"line":2,"column":12138},"end":{"line":2,"column":12181}},"295":{"start":{"line":2,"column":12205},"end":{"line":2,"column":12236}},"296":{"start":{"line":2,"column":12242},"end":{"line":2,"column":12271}},"297":{"start":{"line":2,"column":12274},"end":{"line":2,"column":12330}},"298":{"start":{"line":2,"column":12331},"end":{"line":2,"column":12437}},"299":{"start":{"line":2,"column":12460},"end":{"line":2,"column":12520}},"300":{"start":{"line":2,"column":12556},"end":{"line":2,"column":12558}},"301":{"start":{"line":2,"column":12561},"end":{"line":2,"column":12562}},"302":{"start":{"line":2,"column":12565},"end":{"line":2,"column":12566}},"303":{"start":{"line":2,"column":12567},"end":{"line":2,"column":12699}},"304":{"start":{"line":2,"column":12633},"end":{"line":2,"column":12672}},"305":{"start":{"line":2,"column":12648},"end":{"line":2,"column":12672}},"306":{"start":{"line":2,"column":12672},"end":{"line":2,"column":12698}},"307":{"start":{"line":2,"column":12682},"end":{"line":2,"column":12698}},"308":{"start":{"line":2,"column":12699},"end":{"line":2,"column":12714}},"309":{"start":{"line":2,"column":12749},"end":{"line":2,"column":12751}},"310":{"start":{"line":2,"column":12754},"end":{"line":2,"column":12755}},"311":{"start":{"line":2,"column":12758},"end":{"line":2,"column":12768}},"312":{"start":{"line":2,"column":12769},"end":{"line":2,"column":12968}},"313":{"start":{"line":2,"column":12775},"end":{"line":2,"column":12939}},"314":{"start":{"line":2,"column":12800},"end":{"line":2,"column":12855}},"315":{"start":{"line":2,"column":12834},"end":{"line":2,"column":12855}},"316":{"start":{"line":2,"column":12855},"end":{"line":2,"column":12899}},"317":{"start":{"line":2,"column":12892},"end":{"line":2,"column":12899}},"318":{"start":{"line":2,"column":12905},"end":{"line":2,"column":12939}},"319":{"start":{"line":2,"column":12921},"end":{"line":2,"column":12939}},"320":{"start":{"line":2,"column":12945},"end":{"line":2,"column":12968}},"321":{"start":{"line":2,"column":12960},"end":{"line":2,"column":12968}},"322":{"start":{"line":2,"column":12968},"end":{"line":2,"column":12976}},"323":{"start":{"line":2,"column":13214},"end":{"line":2,"column":13334}},"324":{"start":{"line":2,"column":13354},"end":{"line":2,"column":13546}},"325":{"start":{"line":2,"column":13575},"end":{"line":2,"column":13586}},"326":{"start":{"line":2,"column":13587},"end":{"line":2,"column":13765}},"327":{"start":{"line":2,"column":13798},"end":{"line":2,"column":13828}},"328":{"start":{"line":2,"column":13829},"end":{"line":2,"column":13924}},"329":{"start":{"line":2,"column":13854},"end":{"line":2,"column":13862}},"330":{"start":{"line":2,"column":13876},"end":{"line":2,"column":13923}},"331":{"start":{"line":2,"column":13950},"end":{"line":2,"column":13958}},"332":{"start":{"line":2,"column":13959},"end":{"line":2,"column":14151}},"333":{"start":{"line":2,"column":14028},"end":{"line":2,"column":14149}},"334":{"start":{"line":2,"column":14174},"end":{"line":2,"column":14469}},"335":{"start":{"line":2,"column":14199},"end":{"line":2,"column":14211}},"336":{"start":{"line":2,"column":14212},"end":{"line":2,"column":14468}},"337":{"start":{"line":2,"column":14503},"end":{"line":2,"column":14523}},"338":{"start":{"line":2,"column":14526},"end":{"line":2,"column":14546}},"339":{"start":{"line":2,"column":14549},"end":{"line":2,"column":14562}},"340":{"start":{"line":2,"column":14563},"end":{"line":2,"column":15332}},"341":{"start":{"line":2,"column":14595},"end":{"line":2,"column":14615}},"342":{"start":{"line":2,"column":14651},"end":{"line":2,"column":14688}},"343":{"start":{"line":2,"column":14691},"end":{"line":2,"column":14703}},"344":{"start":{"line":2,"column":14706},"end":{"line":2,"column":14733}},"345":{"start":{"line":2,"column":14736},"end":{"line":2,"column":14742}},"346":{"start":{"line":2,"column":14743},"end":{"line":2,"column":15331}},"347":{"start":{"line":2,"column":14749},"end":{"line":2,"column":14882}},"348":{"start":{"line":2,"column":14755},"end":{"line":2,"column":14873}},"349":{"start":{"line":2,"column":14764},"end":{"line":2,"column":14768}},"350":{"start":{"line":2,"column":14768},"end":{"line":2,"column":14839}},"351":{"start":{"line":2,"column":14781},"end":{"line":2,"column":14839}},"352":{"start":{"line":2,"column":14830},"end":{"line":2,"column":14839}},"353":{"start":{"line":2,"column":14839},"end":{"line":2,"column":14872}},"354":{"start":{"line":2,"column":14873},"end":{"line":2,"column":14881}},"355":{"start":{"line":2,"column":14882},"end":{"line":2,"column":15296}},"356":{"start":{"line":2,"column":14922},"end":{"line":2,"column":15006}},"357":{"start":{"line":2,"column":15006},"end":{"line":2,"column":15095}},"358":{"start":{"line":2,"column":15045},"end":{"line":2,"column":15095}},"359":{"start":{"line":2,"column":15076},"end":{"line":2,"column":15089}},"360":{"start":{"line":2,"column":15089},"end":{"line":2,"column":15094}},"361":{"start":{"line":2,"column":15101},"end":{"line":2,"column":15296}},"362":{"start":{"line":2,"column":15142},"end":{"line":2,"column":15149}},"363":{"start":{"line":2,"column":15154},"end":{"line":2,"column":15296}},"364":{"start":{"line":2,"column":15193},"end":{"line":2,"column":15296}},"365":{"start":{"line":2,"column":15290},"end":{"line":2,"column":15296}},"366":{"start":{"line":2,"column":15296},"end":{"line":2,"column":15330}},"367":{"start":{"line":2,"column":15363},"end":{"line":2,"column":15442}},"368":{"start":{"line":2,"column":15443},"end":{"line":2,"column":15646}},"369":{"start":{"line":2,"column":15555},"end":{"line":2,"column":15561}},"370":{"start":{"line":2,"column":15564},"end":{"line":2,"column":15572}},"371":{"start":{"line":2,"column":15573},"end":{"line":2,"column":15612}},"372":{"start":{"line":2,"column":15583},"end":{"line":2,"column":15612}},"373":{"start":{"line":2,"column":15627},"end":{"line":2,"column":15642}},"374":{"start":{"line":2,"column":15683},"end":{"line":2,"column":15685}},"375":{"start":{"line":2,"column":15688},"end":{"line":2,"column":15690}},"376":{"start":{"line":2,"column":15693},"end":{"line":2,"column":15713}},"377":{"start":{"line":2,"column":15714},"end":{"line":2,"column":15883}},"378":{"start":{"line":2,"column":15755},"end":{"line":2,"column":15769}},"379":{"start":{"line":2,"column":15772},"end":{"line":2,"column":15780}},"380":{"start":{"line":2,"column":15781},"end":{"line":2,"column":15817}},"381":{"start":{"line":2,"column":15791},"end":{"line":2,"column":15817}},"382":{"start":{"line":2,"column":15836},"end":{"line":2,"column":15882}},"383":{"start":{"line":2,"column":15905},"end":{"line":2,"column":15948}},"384":{"start":{"line":2,"column":15924},"end":{"line":2,"column":15947}},"385":{"start":{"line":2,"column":15975},"end":{"line":2,"column":16068}},"386":{"start":{"line":2,"column":16013},"end":{"line":2,"column":16067}},"387":{"start":{"line":2,"column":16091},"end":{"line":2,"column":16367}},"388":{"start":{"line":2,"column":16197},"end":{"line":2,"column":16358}},"389":{"start":{"line":2,"column":16200},"end":{"line":2,"column":16318}},"390":{"start":{"line":2,"column":16265},"end":{"line":2,"column":16318}},"391":{"start":{"line":2,"column":16358},"end":{"line":2,"column":16366}},"392":{"start":{"line":2,"column":16395},"end":{"line":2,"column":16422}},"393":{"start":{"line":2,"column":16423},"end":{"line":2,"column":16450}},"394":{"start":{"line":2,"column":16469},"end":{"line":2,"column":16481}},"395":{"start":{"line":2,"column":16501},"end":{"line":2,"column":16589}},"396":{"start":{"line":2,"column":16611},"end":{"line":2,"column":16633}},"397":{"start":{"line":2,"column":16656},"end":{"line":2,"column":16678}},"398":{"start":{"line":2,"column":16706},"end":{"line":2,"column":16730}},"399":{"start":{"line":2,"column":16731},"end":{"line":2,"column":16789}},"400":{"start":{"line":2,"column":16812},"end":{"line":2,"column":16875}},"401":{"start":{"line":2,"column":16895},"end":{"line":2,"column":16957}},"402":{"start":{"line":2,"column":16932},"end":{"line":2,"column":16957}},"403":{"start":{"line":2,"column":16948},"end":{"line":2,"column":16957}},"404":{"start":{"line":2,"column":16957},"end":{"line":2,"column":16965}},"405":{"start":{"line":2,"column":16986},"end":{"line":2,"column":17011}},"406":{"start":{"line":2,"column":17032},"end":{"line":2,"column":17057}},"407":{"start":{"line":2,"column":17077},"end":{"line":2,"column":17102}},"408":{"start":{"line":2,"column":17129},"end":{"line":2,"column":17153}},"409":{"start":{"line":2,"column":17154},"end":{"line":2,"column":17204}},"410":{"start":{"line":2,"column":17229},"end":{"line":2,"column":17348}},"411":{"start":{"line":2,"column":17370},"end":{"line":2,"column":17379}},"412":{"start":{"line":2,"column":17404},"end":{"line":2,"column":17415}},"413":{"start":{"line":2,"column":17440},"end":{"line":2,"column":17457}},"414":{"start":{"line":2,"column":17482},"end":{"line":2,"column":17513}},"415":{"start":{"line":2,"column":17503},"end":{"line":2,"column":17513}},"416":{"start":{"line":2,"column":17513},"end":{"line":2,"column":17521}},"417":{"start":{"line":2,"column":17545},"end":{"line":2,"column":17576}},"418":{"start":{"line":2,"column":17566},"end":{"line":2,"column":17576}},"419":{"start":{"line":2,"column":17576},"end":{"line":2,"column":17584}},"420":{"start":{"line":2,"column":17609},"end":{"line":2,"column":17647}},"421":{"start":{"line":2,"column":17637},"end":{"line":2,"column":17647}},"422":{"start":{"line":2,"column":17647},"end":{"line":2,"column":17655}},"423":{"start":{"line":2,"column":17680},"end":{"line":2,"column":17717}},"424":{"start":{"line":2,"column":17707},"end":{"line":2,"column":17717}},"425":{"start":{"line":2,"column":17717},"end":{"line":2,"column":17725}},"426":{"start":{"line":2,"column":17757},"end":{"line":2,"column":17836}},"427":{"start":{"line":2,"column":17817},"end":{"line":2,"column":17836}},"428":{"start":{"line":2,"column":17836},"end":{"line":2,"column":17884}},"429":{"start":{"line":2,"column":17865},"end":{"line":2,"column":17884}},"430":{"start":{"line":2,"column":17899},"end":{"line":2,"column":18419}},"431":{"start":{"line":2,"column":18000},"end":{"line":2,"column":18008}},"432":{"start":{"line":2,"column":18009},"end":{"line":2,"column":18036}},"433":{"start":{"line":2,"column":18014},"end":{"line":2,"column":18036}},"434":{"start":{"line":2,"column":18036},"end":{"line":2,"column":18059}},"435":{"start":{"line":2,"column":18059},"end":{"line":2,"column":18370}},"436":{"start":{"line":2,"column":18068},"end":{"line":2,"column":18232}},"437":{"start":{"line":2,"column":18232},"end":{"line":2,"column":18358}},"438":{"start":{"line":2,"column":18250},"end":{"line":2,"column":18358}},"439":{"start":{"line":2,"column":18358},"end":{"line":2,"column":18369}},"440":{"start":{"line":2,"column":18364},"end":{"line":2,"column":18369}},"441":{"start":{"line":2,"column":18370},"end":{"line":2,"column":18417}},"442":{"start":{"line":2,"column":18434},"end":{"line":2,"column":18484}},"443":{"start":{"line":2,"column":18470},"end":{"line":2,"column":18484}},"444":{"start":{"line":2,"column":18484},"end":{"line":2,"column":18492}},"445":{"start":{"line":2,"column":18518},"end":{"line":2,"column":18523}},"446":{"start":{"line":2,"column":18526},"end":{"line":2,"column":18545}},"447":{"start":{"line":2,"column":18548},"end":{"line":2,"column":18551}},"448":{"start":{"line":2,"column":18552},"end":{"line":2,"column":18868}},"449":{"start":{"line":2,"column":18583},"end":{"line":2,"column":18632}},"450":{"start":{"line":2,"column":18596},"end":{"line":2,"column":18632}},"451":{"start":{"line":2,"column":18617},"end":{"line":2,"column":18632}},"452":{"start":{"line":2,"column":18660},"end":{"line":2,"column":18665}},"453":{"start":{"line":2,"column":18666},"end":{"line":2,"column":18867}},"454":{"start":{"line":2,"column":18672},"end":{"line":2,"column":18726}},"455":{"start":{"line":2,"column":18685},"end":{"line":2,"column":18726}},"456":{"start":{"line":2,"column":18718},"end":{"line":2,"column":18726}},"457":{"start":{"line":2,"column":18732},"end":{"line":2,"column":18867}},"458":{"start":{"line":2,"column":18745},"end":{"line":2,"column":18867}},"459":{"start":{"line":2,"column":18767},"end":{"line":2,"column":18834}},"460":{"start":{"line":2,"column":18817},"end":{"line":2,"column":18834}},"461":{"start":{"line":2,"column":18834},"end":{"line":2,"column":18866}},"462":{"start":{"line":2,"column":18858},"end":{"line":2,"column":18866}},"463":{"start":{"line":2,"column":18884},"end":{"line":2,"column":18982}},"464":{"start":{"line":2,"column":18924},"end":{"line":2,"column":18932}},"465":{"start":{"line":2,"column":18933},"end":{"line":2,"column":18968}},"466":{"start":{"line":2,"column":18943},"end":{"line":2,"column":18968}},"467":{"start":{"line":2,"column":18959},"end":{"line":2,"column":18968}},"468":{"start":{"line":2,"column":18968},"end":{"line":2,"column":18976}},"469":{"start":{"line":2,"column":19002},"end":{"line":2,"column":19046}},"470":{"start":{"line":2,"column":19033},"end":{"line":2,"column":19046}},"471":{"start":{"line":2,"column":19046},"end":{"line":2,"column":19054}},"472":{"start":{"line":2,"column":19078},"end":{"line":2,"column":19177}},"473":{"start":{"line":2,"column":19126},"end":{"line":2,"column":19177}},"474":{"start":{"line":2,"column":19177},"end":{"line":2,"column":19185}},"475":{"start":{"line":2,"column":19211},"end":{"line":2,"column":19727}},"476":{"start":{"line":2,"column":19293},"end":{"line":2,"column":19295}},"477":{"start":{"line":2,"column":19298},"end":{"line":2,"column":19300}},"478":{"start":{"line":2,"column":19303},"end":{"line":2,"column":19311}},"479":{"start":{"line":2,"column":19314},"end":{"line":2,"column":19347}},"480":{"start":{"line":2,"column":19350},"end":{"line":2,"column":19375}},"481":{"start":{"line":2,"column":19378},"end":{"line":2,"column":19400}},"482":{"start":{"line":2,"column":19401},"end":{"line":2,"column":19497}},"483":{"start":{"line":2,"column":19421},"end":{"line":2,"column":19454}},"484":{"start":{"line":2,"column":19454},"end":{"line":2,"column":19496}},"485":{"start":{"line":2,"column":19464},"end":{"line":2,"column":19496}},"486":{"start":{"line":2,"column":19497},"end":{"line":2,"column":19725}},"487":{"start":{"line":2,"column":19503},"end":{"line":2,"column":19656}},"488":{"start":{"line":2,"column":19512},"end":{"line":2,"column":19586}},"489":{"start":{"line":2,"column":19518},"end":{"line":2,"column":19534}},"490":{"start":{"line":2,"column":19534},"end":{"line":2,"column":19569}},"491":{"start":{"line":2,"column":19544},"end":{"line":2,"column":19569}},"492":{"start":{"line":2,"column":19569},"end":{"line":2,"column":19585}},"493":{"start":{"line":2,"column":19586},"end":{"line":2,"column":19597}},"494":{"start":{"line":2,"column":19597},"end":{"line":2,"column":19655}},"495":{"start":{"line":2,"column":19607},"end":{"line":2,"column":19655}},"496":{"start":{"line":2,"column":19662},"end":{"line":2,"column":19725}},"497":{"start":{"line":2,"column":19743},"end":{"line":2,"column":20324}},"498":{"start":{"line":2,"column":20001},"end":{"line":2,"column":20324}},"499":{"start":{"line":2,"column":20028},"end":{"line":2,"column":20044}},"500":{"start":{"line":2,"column":20049},"end":{"line":2,"column":20314}},"501":{"start":{"line":2,"column":20105},"end":{"line":2,"column":20154}},"502":{"start":{"line":2,"column":20123},"end":{"line":2,"column":20154}},"503":{"start":{"line":2,"column":20148},"end":{"line":2,"column":20154}},"504":{"start":{"line":2,"column":20154},"end":{"line":2,"column":20313}},"505":{"start":{"line":2,"column":20314},"end":{"line":2,"column":20323}},"506":{"start":{"line":2,"column":20324},"end":{"line":2,"column":20336}},"507":{"start":{"line":2,"column":20360},"end":{"line":2,"column":20370}},"508":{"start":{"line":2,"column":20373},"end":{"line":2,"column":20383}},"509":{"start":{"line":2,"column":20386},"end":{"line":2,"column":20852}},"510":{"start":{"line":2,"column":20418},"end":{"line":2,"column":20419}},"511":{"start":{"line":2,"column":20422},"end":{"line":2,"column":20425}},"512":{"start":{"line":2,"column":20428},"end":{"line":2,"column":20433}},"513":{"start":{"line":2,"column":20436},"end":{"line":2,"column":20438}},"514":{"start":{"line":2,"column":20441},"end":{"line":2,"column":20442}},"515":{"start":{"line":2,"column":20445},"end":{"line":2,"column":20468}},"516":{"start":{"line":2,"column":20471},"end":{"line":2,"column":20501}},"517":{"start":{"line":2,"column":20504},"end":{"line":2,"column":20512}},"518":{"start":{"line":2,"column":20513},"end":{"line":2,"column":20659}},"519":{"start":{"line":2,"column":20560},"end":{"line":2,"column":20626}},"520":{"start":{"line":2,"column":20569},"end":{"line":2,"column":20573}},"521":{"start":{"line":2,"column":20573},"end":{"line":2,"column":20617}},"522":{"start":{"line":2,"column":20588},"end":{"line":2,"column":20617}},"523":{"start":{"line":2,"column":20601},"end":{"line":2,"column":20611}},"524":{"start":{"line":2,"column":20611},"end":{"line":2,"column":20616}},"525":{"start":{"line":2,"column":20617},"end":{"line":2,"column":20625}},"526":{"start":{"line":2,"column":20626},"end":{"line":2,"column":20658}},"527":{"start":{"line":2,"column":20659},"end":{"line":2,"column":20830}},"528":{"start":{"line":2,"column":20677},"end":{"line":2,"column":20681}},"529":{"start":{"line":2,"column":20681},"end":{"line":2,"column":20707}},"530":{"start":{"line":2,"column":20696},"end":{"line":2,"column":20707}},"531":{"start":{"line":2,"column":20707},"end":{"line":2,"column":20767}},"532":{"start":{"line":2,"column":20713},"end":{"line":2,"column":20759}},"533":{"start":{"line":2,"column":20720},"end":{"line":2,"column":20759}},"534":{"start":{"line":2,"column":20730},"end":{"line":2,"column":20759}},"535":{"start":{"line":2,"column":20759},"end":{"line":2,"column":20766}},"536":{"start":{"line":2,"column":20767},"end":{"line":2,"column":20829}},"537":{"start":{"line":2,"column":20830},"end":{"line":2,"column":20851}},"538":{"start":{"line":2,"column":20853},"end":{"line":2,"column":20869}},"539":{"start":{"line":2,"column":20870},"end":{"line":2,"column":22494}},"540":{"start":{"line":2,"column":20912},"end":{"line":2,"column":20914}},"541":{"start":{"line":2,"column":20917},"end":{"line":2,"column":20919}},"542":{"start":{"line":2,"column":20922},"end":{"line":2,"column":20930}},"543":{"start":{"line":2,"column":20931},"end":{"line":2,"column":21035}},"544":{"start":{"line":2,"column":20938},"end":{"line":2,"column":20961}},"545":{"start":{"line":2,"column":20961},"end":{"line":2,"column":21007}},"546":{"start":{"line":2,"column":20971},"end":{"line":2,"column":21007}},"547":{"start":{"line":2,"column":21007},"end":{"line":2,"column":21034}},"548":{"start":{"line":2,"column":21035},"end":{"line":2,"column":21043}},"549":{"start":{"line":2,"column":21091},"end":{"line":2,"column":21114}},"550":{"start":{"line":2,"column":21117},"end":{"line":2,"column":21139}},"551":{"start":{"line":2,"column":21140},"end":{"line":2,"column":21643}},"552":{"start":{"line":2,"column":21165},"end":{"line":2,"column":21397}},"553":{"start":{"line":2,"column":21276},"end":{"line":2,"column":21343}},"554":{"start":{"line":2,"column":21334},"end":{"line":2,"column":21343}},"555":{"start":{"line":2,"column":21343},"end":{"line":2,"column":21396}},"556":{"start":{"line":2,"column":21397},"end":{"line":2,"column":21433}},"557":{"start":{"line":2,"column":21433},"end":{"line":2,"column":21642}},"558":{"start":{"line":2,"column":21444},"end":{"line":2,"column":21481}},"559":{"start":{"line":2,"column":21475},"end":{"line":2,"column":21481}},"560":{"start":{"line":2,"column":21481},"end":{"line":2,"column":21641}},"561":{"start":{"line":2,"column":21575},"end":{"line":2,"column":21635}},"562":{"start":{"line":2,"column":21613},"end":{"line":2,"column":21635}},"563":{"start":{"line":2,"column":21635},"end":{"line":2,"column":21640}},"564":{"start":{"line":2,"column":21643},"end":{"line":2,"column":21704}},"565":{"start":{"line":2,"column":21809},"end":{"line":2,"column":21867}},"566":{"start":{"line":2,"column":21885},"end":{"line":2,"column":21962}},"567":{"start":{"line":2,"column":22010},"end":{"line":2,"column":22072}},"568":{"start":{"line":2,"column":22104},"end":{"line":2,"column":22211}},"569":{"start":{"line":2,"column":22242},"end":{"line":2,"column":22308}},"570":{"start":{"line":2,"column":22326},"end":{"line":2,"column":22365}},"571":{"start":{"line":2,"column":22396},"end":{"line":2,"column":22489}},"572":{"start":{"line":2,"column":22499},"end":{"line":2,"column":22634}},"573":{"start":{"line":2,"column":22640},"end":{"line":2,"column":22665}},"574":{"start":{"line":2,"column":22668},"end":{"line":2,"column":22696}},"575":{"start":{"line":2,"column":22699},"end":{"line":2,"column":22715}},"576":{"start":{"line":2,"column":22734},"end":{"line":2,"column":22811}},"577":{"start":{"line":2,"column":22753},"end":{"line":2,"column":22811}},"578":{"start":{"line":2,"column":22783},"end":{"line":2,"column":22808}},"579":{"start":{"line":2,"column":22811},"end":{"line":2,"column":22872}},"580":{"start":{"line":2,"column":22825},"end":{"line":2,"column":22872}},"581":{"start":{"line":2,"column":22853},"end":{"line":2,"column":22869}},"582":{"start":{"line":2,"column":22872},"end":{"line":2,"column":22947}},"583":{"start":{"line":2,"column":22895},"end":{"line":2,"column":22931}},"584":{"start":{"line":2,"column":22908},"end":{"line":2,"column":22931}},"585":{"start":{"line":2,"column":22931},"end":{"line":2,"column":22946}},"586":{"start":{"line":2,"column":22947},"end":{"line":2,"column":23002}},"587":{"start":{"line":2,"column":22975},"end":{"line":2,"column":23000}},"588":{"start":{"line":2,"column":23003},"end":{"line":2,"column":23705}},"589":{"start":{"line":2,"column":23034},"end":{"line":2,"column":23038}},"590":{"start":{"line":2,"column":23039},"end":{"line":2,"column":23193}},"591":{"start":{"line":2,"column":23169},"end":{"line":2,"column":23190}},"592":{"start":{"line":2,"column":23233},"end":{"line":2,"column":23244}},"593":{"start":{"line":2,"column":23247},"end":{"line":2,"column":23249}},"594":{"start":{"line":2,"column":23252},"end":{"line":2,"column":23256}},"595":{"start":{"line":2,"column":23257},"end":{"line":2,"column":23377}},"596":{"start":{"line":2,"column":23279},"end":{"line":2,"column":23377}},"597":{"start":{"line":2,"column":23324},"end":{"line":2,"column":23373}},"598":{"start":{"line":2,"column":23340},"end":{"line":2,"column":23373}},"599":{"start":{"line":2,"column":23365},"end":{"line":2,"column":23373}},"600":{"start":{"line":2,"column":23377},"end":{"line":2,"column":23410}},"601":{"start":{"line":2,"column":23393},"end":{"line":2,"column":23410}},"602":{"start":{"line":2,"column":23410},"end":{"line":2,"column":23501}},"603":{"start":{"line":2,"column":23522},"end":{"line":2,"column":23561}},"604":{"start":{"line":2,"column":23579},"end":{"line":2,"column":23618}},"605":{"start":{"line":2,"column":23635},"end":{"line":2,"column":23701}},"606":{"start":{"line":2,"column":23713},"end":{"line":2,"column":23750}},"607":{"start":{"line":2,"column":23753},"end":{"line":2,"column":24517}},"608":{"start":{"line":2,"column":23785},"end":{"line":2,"column":23803}},"609":{"start":{"line":2,"column":23791},"end":{"line":2,"column":23803}},"610":{"start":{"line":2,"column":23803},"end":{"line":2,"column":24302}},"611":{"start":{"line":2,"column":23826},"end":{"line":2,"column":23975}},"612":{"start":{"line":2,"column":23913},"end":{"line":2,"column":23975}},"613":{"start":{"line":2,"column":23975},"end":{"line":2,"column":24191}},"614":{"start":{"line":2,"column":23984},"end":{"line":2,"column":24179}},"615":{"start":{"line":2,"column":24114},"end":{"line":2,"column":24179}},"616":{"start":{"line":2,"column":24125},"end":{"line":2,"column":24179}},"617":{"start":{"line":2,"column":24179},"end":{"line":2,"column":24190}},"618":{"start":{"line":2,"column":24191},"end":{"line":2,"column":24301}},"619":{"start":{"line":2,"column":24302},"end":{"line":2,"column":24516}},"620":{"start":{"line":2,"column":24518},"end":{"line":2,"column":24542}},"621":{"start":{"line":2,"column":24548},"end":{"line":2,"column":24580}},"622":{"start":{"line":2,"column":24583},"end":{"line":2,"column":24624}},"623":{"start":{"line":2,"column":24625},"end":{"line":2,"column":25640}},"624":{"start":{"line":2,"column":24661},"end":{"line":2,"column":24663}},"625":{"start":{"line":2,"column":24666},"end":{"line":2,"column":24676}},"626":{"start":{"line":2,"column":24677},"end":{"line":2,"column":24760}},"627":{"start":{"line":2,"column":24708},"end":{"line":2,"column":24760}},"628":{"start":{"line":2,"column":24727},"end":{"line":2,"column":24750}},"629":{"start":{"line":2,"column":24744},"end":{"line":2,"column":24750}},"630":{"start":{"line":2,"column":24750},"end":{"line":2,"column":24759}},"631":{"start":{"line":2,"column":24760},"end":{"line":2,"column":24768}},"632":{"start":{"line":2,"column":24792},"end":{"line":2,"column":24856}},"633":{"start":{"line":2,"column":24823},"end":{"line":2,"column":24856}},"634":{"start":{"line":2,"column":24856},"end":{"line":2,"column":24864}},"635":{"start":{"line":2,"column":24903},"end":{"line":2,"column":24912}},"636":{"start":{"line":2,"column":24915},"end":{"line":2,"column":24923}},"637":{"start":{"line":2,"column":24924},"end":{"line":2,"column":25009}},"638":{"start":{"line":2,"column":24954},"end":{"line":2,"column":25007}},"639":{"start":{"line":2,"column":24974},"end":{"line":2,"column":25007}},"640":{"start":{"line":2,"column":24999},"end":{"line":2,"column":25007}},"641":{"start":{"line":2,"column":25033},"end":{"line":2,"column":25264}},"642":{"start":{"line":2,"column":25129},"end":{"line":2,"column":25264}},"643":{"start":{"line":2,"column":25167},"end":{"line":2,"column":25264}},"644":{"start":{"line":2,"column":25248},"end":{"line":2,"column":25258}},"645":{"start":{"line":2,"column":25258},"end":{"line":2,"column":25263}},"646":{"start":{"line":2,"column":25264},"end":{"line":2,"column":25311}},"647":{"start":{"line":2,"column":25331},"end":{"line":2,"column":25469}},"648":{"start":{"line":2,"column":25489},"end":{"line":2,"column":25548}},"649":{"start":{"line":2,"column":25570},"end":{"line":2,"column":25636}},"650":{"start":{"line":2,"column":25656},"end":{"line":2,"column":25688}},"651":{"start":{"line":2,"column":25688},"end":{"line":2,"column":25696}},"652":{"start":{"line":2,"column":25697},"end":{"line":2,"column":26620}},"653":{"start":{"line":2,"column":25730},"end":{"line":2,"column":25742}},"654":{"start":{"line":2,"column":25743},"end":{"line":2,"column":25775}},"655":{"start":{"line":2,"column":25797},"end":{"line":2,"column":25825}},"656":{"start":{"line":2,"column":25856},"end":{"line":2,"column":25886}},"657":{"start":{"line":2,"column":25905},"end":{"line":2,"column":25930}},"658":{"start":{"line":2,"column":25949},"end":{"line":2,"column":25978}},"659":{"start":{"line":2,"column":26000},"end":{"line":2,"column":26029}},"660":{"start":{"line":2,"column":26051},"end":{"line":2,"column":26084}},"661":{"start":{"line":2,"column":26112},"end":{"line":2,"column":26143}},"662":{"start":{"line":2,"column":26171},"end":{"line":2,"column":26206}},"663":{"start":{"line":2,"column":26229},"end":{"line":2,"column":26278}},"664":{"start":{"line":2,"column":26301},"end":{"line":2,"column":26331}},"665":{"start":{"line":2,"column":26354},"end":{"line":2,"column":26404}},"666":{"start":{"line":2,"column":26421},"end":{"line":2,"column":26617}},"667":{"start":{"line":2,"column":26449},"end":{"line":2,"column":26464}},"668":{"start":{"line":2,"column":26465},"end":{"line":2,"column":26616}},"669":{"start":{"line":2,"column":26626},"end":{"line":2,"column":26632}},"670":{"start":{"line":2,"column":26635},"end":{"line":2,"column":26637}},"671":{"start":{"line":2,"column":26658},"end":{"line":2,"column":26665}},"672":{"start":{"line":2,"column":26666},"end":{"line":2,"column":26720}},"673":{"start":{"line":2,"column":26709},"end":{"line":2,"column":26716}},"674":{"start":{"line":2,"column":26721},"end":{"line":2,"column":29271}},"675":{"start":{"line":2,"column":26745},"end":{"line":2,"column":26792}},"676":{"start":{"line":2,"column":26810},"end":{"line":2,"column":26812}},"677":{"start":{"line":2,"column":26815},"end":{"line":2,"column":26826}},"678":{"start":{"line":2,"column":26829},"end":{"line":2,"column":27013}},"679":{"start":{"line":2,"column":26841},"end":{"line":2,"column":26959}},"680":{"start":{"line":2,"column":26902},"end":{"line":2,"column":26959}},"681":{"start":{"line":2,"column":26948},"end":{"line":2,"column":26953}},"682":{"start":{"line":2,"column":26953},"end":{"line":2,"column":26958}},"683":{"start":{"line":2,"column":26959},"end":{"line":2,"column":27012}},"684":{"start":{"line":2,"column":27016},"end":{"line":2,"column":27819}},"685":{"start":{"line":2,"column":27032},"end":{"line":2,"column":27225}},"686":{"start":{"line":2,"column":27044},"end":{"line":2,"column":27052}},"687":{"start":{"line":2,"column":27053},"end":{"line":2,"column":27224}},"688":{"start":{"line":2,"column":27068},"end":{"line":2,"column":27185}},"689":{"start":{"line":2,"column":27097},"end":{"line":2,"column":27106}},"690":{"start":{"line":2,"column":27107},"end":{"line":2,"column":27183}},"691":{"start":{"line":2,"column":27225},"end":{"line":2,"column":27236}},"692":{"start":{"line":2,"column":27256},"end":{"line":2,"column":27378}},"693":{"start":{"line":2,"column":27303},"end":{"line":2,"column":27371}},"694":{"start":{"line":2,"column":27333},"end":{"line":2,"column":27371}},"695":{"start":{"line":2,"column":27396},"end":{"line":2,"column":27439}},"696":{"start":{"line":2,"column":27458},"end":{"line":2,"column":27478}},"697":{"start":{"line":2,"column":27499},"end":{"line":2,"column":27523}},"698":{"start":{"line":2,"column":27545},"end":{"line":2,"column":27553}},"699":{"start":{"line":2,"column":27571},"end":{"line":2,"column":27606}},"700":{"start":{"line":2,"column":27626},"end":{"line":2,"column":27634}},"701":{"start":{"line":2,"column":27659},"end":{"line":2,"column":27733}},"702":{"start":{"line":2,"column":27751},"end":{"line":2,"column":27789}},"703":{"start":{"line":2,"column":27808},"end":{"line":2,"column":27817}},"704":{"start":{"line":2,"column":27820},"end":{"line":2,"column":27828}},"705":{"start":{"line":2,"column":27867},"end":{"line":2,"column":28025}},"706":{"start":{"line":2,"column":28028},"end":{"line":2,"column":28037}},"707":{"start":{"line":2,"column":28040},"end":{"line":2,"column":28524}},"708":{"start":{"line":2,"column":28058},"end":{"line":2,"column":28066}},"709":{"start":{"line":2,"column":28086},"end":{"line":2,"column":28131}},"710":{"start":{"line":2,"column":28155},"end":{"line":2,"column":28164}},"711":{"start":{"line":2,"column":28165},"end":{"line":2,"column":28470}},"712":{"start":{"line":2,"column":28195},"end":{"line":2,"column":28458}},"713":{"start":{"line":2,"column":28224},"end":{"line":2,"column":28248}},"714":{"start":{"line":2,"column":28249},"end":{"line":2,"column":28449}},"715":{"start":{"line":2,"column":28274},"end":{"line":2,"column":28300}},"716":{"start":{"line":2,"column":28301},"end":{"line":2,"column":28447}},"717":{"start":{"line":2,"column":28492},"end":{"line":2,"column":28522}},"718":{"start":{"line":2,"column":28527},"end":{"line":2,"column":28529}},"719":{"start":{"line":2,"column":28530},"end":{"line":2,"column":28794}},"720":{"start":{"line":2,"column":28580},"end":{"line":2,"column":28584}},"721":{"start":{"line":2,"column":28587},"end":{"line":2,"column":28591}},"722":{"start":{"line":2,"column":28592},"end":{"line":2,"column":28762}},"723":{"start":{"line":2,"column":28626},"end":{"line":2,"column":28629}},"724":{"start":{"line":2,"column":28682},"end":{"line":2,"column":28735}},"725":{"start":{"line":2,"column":28819},"end":{"line":2,"column":28820}},"726":{"start":{"line":2,"column":28823},"end":{"line":2,"column":28840}},"727":{"start":{"line":2,"column":28843},"end":{"line":2,"column":28851}},"728":{"start":{"line":2,"column":28854},"end":{"line":2,"column":28891}},"729":{"start":{"line":2,"column":28894},"end":{"line":2,"column":28914}},"730":{"start":{"line":2,"column":28917},"end":{"line":2,"column":29055}},"731":{"start":{"line":2,"column":28933},"end":{"line":2,"column":29054}},"732":{"start":{"line":2,"column":28952},"end":{"line":2,"column":29053}},"733":{"start":{"line":2,"column":29062},"end":{"line":2,"column":29227}},"734":{"start":{"line":2,"column":29069},"end":{"line":2,"column":29227}},"735":{"start":{"line":2,"column":29126},"end":{"line":2,"column":29227}},"736":{"start":{"line":2,"column":29227},"end":{"line":2,"column":29267}},"737":{"start":{"line":2,"column":29277},"end":{"line":2,"column":29611}},"738":{"start":{"line":2,"column":29300},"end":{"line":2,"column":29337}},"739":{"start":{"line":2,"column":29394},"end":{"line":2,"column":29421}},"740":{"start":{"line":2,"column":29441},"end":{"line":2,"column":29607}},"741":{"start":{"line":2,"column":29624},"end":{"line":2,"column":29715}},"742":{"start":{"line":2,"column":29716},"end":{"line":2,"column":29927}},"743":{"start":{"line":2,"column":29744},"end":{"line":2,"column":29907}},"744":{"start":{"line":2,"column":29933},"end":{"line":2,"column":30281}},"745":{"start":{"line":2,"column":29972},"end":{"line":2,"column":29973}},"746":{"start":{"line":2,"column":29976},"end":{"line":2,"column":29984}},"747":{"start":{"line":2,"column":29987},"end":{"line":2,"column":29994}},"748":{"start":{"line":2,"column":29995},"end":{"line":2,"column":30244}},"749":{"start":{"line":2,"column":30020},"end":{"line":2,"column":30025}},"750":{"start":{"line":2,"column":30025},"end":{"line":2,"column":30063}},"751":{"start":{"line":2,"column":30036},"end":{"line":2,"column":30063}},"752":{"start":{"line":2,"column":30069},"end":{"line":2,"column":30244}},"753":{"start":{"line":2,"column":30164},"end":{"line":2,"column":30185}},"754":{"start":{"line":2,"column":30192},"end":{"line":2,"column":30244}},"755":{"start":{"line":2,"column":30205},"end":{"line":2,"column":30244}},"756":{"start":{"line":2,"column":30244},"end":{"line":2,"column":30280}},"757":{"start":{"line":2,"column":30282},"end":{"line":2,"column":30360}},"758":{"start":{"line":2,"column":30307},"end":{"line":2,"column":30358}},"759":{"start":{"line":2,"column":30373},"end":{"line":2,"column":30469}},"760":{"start":{"line":2,"column":30427},"end":{"line":2,"column":30435}},"761":{"start":{"line":2,"column":30470},"end":{"line":2,"column":31565}},"762":{"start":{"line":2,"column":30530},"end":{"line":2,"column":30556}},"763":{"start":{"line":2,"column":30547},"end":{"line":2,"column":30556}},"764":{"start":{"line":2,"column":30562},"end":{"line":2,"column":30564}},"765":{"start":{"line":2,"column":30567},"end":{"line":2,"column":30582}},"766":{"start":{"line":2,"column":30583},"end":{"line":2,"column":30701}},"767":{"start":{"line":2,"column":30590},"end":{"line":2,"column":30600}},"768":{"start":{"line":2,"column":30600},"end":{"line":2,"column":30700}},"769":{"start":{"line":2,"column":30604},"end":{"line":2,"column":30658}},"770":{"start":{"line":2,"column":30668},"end":{"line":2,"column":30699}},"771":{"start":{"line":2,"column":30701},"end":{"line":2,"column":30743}},"772":{"start":{"line":2,"column":30773},"end":{"line":2,"column":30784}},"773":{"start":{"line":2,"column":30787},"end":{"line":2,"column":30800}},"774":{"start":{"line":2,"column":30801},"end":{"line":2,"column":30909}},"775":{"start":{"line":2,"column":30823},"end":{"line":2,"column":30830}},"776":{"start":{"line":2,"column":30835},"end":{"line":2,"column":30909}},"777":{"start":{"line":2,"column":30857},"end":{"line":2,"column":30883}},"778":{"start":{"line":2,"column":30888},"end":{"line":2,"column":30909}},"779":{"start":{"line":2,"column":30899},"end":{"line":2,"column":30909}},"780":{"start":{"line":2,"column":30909},"end":{"line":2,"column":30917}},"781":{"start":{"line":2,"column":30943},"end":{"line":2,"column":30966}},"782":{"start":{"line":2,"column":30967},"end":{"line":2,"column":30991}},"783":{"start":{"line":2,"column":31022},"end":{"line":2,"column":31165}},"784":{"start":{"line":2,"column":31200},"end":{"line":2,"column":31211}},"785":{"start":{"line":2,"column":31214},"end":{"line":2,"column":31227}},"786":{"start":{"line":2,"column":31228},"end":{"line":2,"column":31412}},"787":{"start":{"line":2,"column":31242},"end":{"line":2,"column":31259}},"788":{"start":{"line":2,"column":31264},"end":{"line":2,"column":31387}},"789":{"start":{"line":2,"column":31387},"end":{"line":2,"column":31411}},"790":{"start":{"line":2,"column":31397},"end":{"line":2,"column":31411}},"791":{"start":{"line":2,"column":31434},"end":{"line":2,"column":31489}},"792":{"start":{"line":2,"column":31511},"end":{"line":2,"column":31562}},"793":{"start":{"line":2,"column":31571},"end":{"line":2,"column":31576}},"794":{"start":{"line":2,"column":31579},"end":{"line":2,"column":31584}},"795":{"start":{"line":2,"column":31587},"end":{"line":2,"column":31618}},"796":{"start":{"line":2,"column":31621},"end":{"line":2,"column":31631}},"797":{"start":{"line":2,"column":31656},"end":{"line":2,"column":31900}},"798":{"start":{"line":2,"column":31686},"end":{"line":2,"column":31900}},"799":{"start":{"line":2,"column":31772},"end":{"line":2,"column":31873}},"800":{"start":{"line":2,"column":31776},"end":{"line":2,"column":31862}},"801":{"start":{"line":2,"column":31873},"end":{"line":2,"column":31885}},"802":{"start":{"line":2,"column":31891},"end":{"line":2,"column":31900}},"803":{"start":{"line":2,"column":31900},"end":{"line":2,"column":31908}},"804":{"start":{"line":2,"column":31909},"end":{"line":3,"column":2086}},"805":{"start":{"line":2,"column":31939},"end":{"line":2,"column":31972}},"806":{"start":{"line":2,"column":31995},"end":{"line":2,"column":32017}},"807":{"start":{"line":3,"column":27},"end":{"line":3,"column":40}},"808":{"start":{"line":3,"column":64},"end":{"line":3,"column":86}},"809":{"start":{"line":3,"column":114},"end":{"line":3,"column":127}},"810":{"start":{"line":3,"column":175},"end":{"line":3,"column":182}},"811":{"start":{"line":3,"column":185},"end":{"line":3,"column":200}},"812":{"start":{"line":3,"column":201},"end":{"line":3,"column":428}},"813":{"start":{"line":3,"column":216},"end":{"line":3,"column":419}},"814":{"start":{"line":3,"column":287},"end":{"line":3,"column":298}},"815":{"start":{"line":3,"column":298},"end":{"line":3,"column":392}},"816":{"start":{"line":3,"column":308},"end":{"line":3,"column":392}},"817":{"start":{"line":3,"column":392},"end":{"line":3,"column":418}},"818":{"start":{"line":3,"column":419},"end":{"line":3,"column":427}},"819":{"start":{"line":3,"column":428},"end":{"line":3,"column":809}},"820":{"start":{"line":3,"column":474},"end":{"line":3,"column":487}},"821":{"start":{"line":3,"column":517},"end":{"line":3,"column":531}},"822":{"start":{"line":3,"column":532},"end":{"line":3,"column":773}},"823":{"start":{"line":3,"column":550},"end":{"line":3,"column":586}},"824":{"start":{"line":3,"column":577},"end":{"line":3,"column":586}},"825":{"start":{"line":3,"column":586},"end":{"line":3,"column":622}},"826":{"start":{"line":3,"column":613},"end":{"line":3,"column":622}},"827":{"start":{"line":3,"column":622},"end":{"line":3,"column":660}},"828":{"start":{"line":3,"column":652},"end":{"line":3,"column":660}},"829":{"start":{"line":3,"column":666},"end":{"line":3,"column":773}},"830":{"start":{"line":3,"column":693},"end":{"line":3,"column":706}},"831":{"start":{"line":3,"column":707},"end":{"line":3,"column":771}},"832":{"start":{"line":3,"column":834},"end":{"line":3,"column":880}},"833":{"start":{"line":3,"column":862},"end":{"line":3,"column":878}},"834":{"start":{"line":3,"column":922},"end":{"line":3,"column":1041}},"835":{"start":{"line":3,"column":1065},"end":{"line":3,"column":1075}},"836":{"start":{"line":3,"column":1081},"end":{"line":3,"column":1093}},"837":{"start":{"line":3,"column":1096},"end":{"line":3,"column":1104}},"838":{"start":{"line":3,"column":1107},"end":{"line":3,"column":1116}},"839":{"start":{"line":3,"column":1119},"end":{"line":3,"column":1137}},"840":{"start":{"line":3,"column":1140},"end":{"line":3,"column":1166}},"841":{"start":{"line":3,"column":1151},"end":{"line":3,"column":1165}},"842":{"start":{"line":3,"column":1167},"end":{"line":3,"column":1291}},"843":{"start":{"line":3,"column":1325},"end":{"line":3,"column":1339}},"844":{"start":{"line":3,"column":1340},"end":{"line":3,"column":1450}},"845":{"start":{"line":3,"column":1421},"end":{"line":3,"column":1446}},"846":{"start":{"line":3,"column":1493},"end":{"line":3,"column":1494}},"847":{"start":{"line":3,"column":1495},"end":{"line":3,"column":1709}},"848":{"start":{"line":3,"column":1619},"end":{"line":3,"column":1636}},"849":{"start":{"line":3,"column":1637},"end":{"line":3,"column":1707}},"850":{"start":{"line":3,"column":1731},"end":{"line":3,"column":1778}},"851":{"start":{"line":3,"column":1759},"end":{"line":3,"column":1776}},"852":{"start":{"line":3,"column":1803},"end":{"line":3,"column":1832}},"853":{"start":{"line":3,"column":1864},"end":{"line":3,"column":1865}},"854":{"start":{"line":3,"column":1868},"end":{"line":3,"column":1880}},"855":{"start":{"line":3,"column":1883},"end":{"line":3,"column":1887}},"856":{"start":{"line":3,"column":1890},"end":{"line":3,"column":1901}},"857":{"start":{"line":3,"column":1904},"end":{"line":3,"column":1941}},"858":{"start":{"line":3,"column":1915},"end":{"line":3,"column":1940}},"859":{"start":{"line":3,"column":1942},"end":{"line":3,"column":1987}},"860":{"start":{"line":3,"column":1987},"end":{"line":3,"column":2059}},"861":{"start":{"line":3,"column":1997},"end":{"line":3,"column":2059}},"862":{"start":{"line":3,"column":2059},"end":{"line":3,"column":2082}},"863":{"start":{"line":3,"column":2092},"end":{"line":3,"column":2136}},"864":{"start":{"line":3,"column":2139},"end":{"line":3,"column":2170}},"865":{"start":{"line":3,"column":2173},"end":{"line":3,"column":2261}},"866":{"start":{"line":3,"column":2187},"end":{"line":3,"column":2260}},"867":{"start":{"line":3,"column":2264},"end":{"line":3,"column":2287}},"868":{"start":{"line":3,"column":2288},"end":{"line":3,"column":2670}},"869":{"start":{"line":3,"column":2306},"end":{"line":3,"column":2332}},"870":{"start":{"line":3,"column":2335},"end":{"line":3,"column":2372}},"871":{"start":{"line":3,"column":2375},"end":{"line":3,"column":2399}},"872":{"start":{"line":3,"column":2400},"end":{"line":3,"column":2666}},"873":{"start":{"line":3,"column":2676},"end":{"line":3,"column":2687}},"874":{"start":{"line":3,"column":2688},"end":{"line":3,"column":2721}},"875":{"start":{"line":3,"column":2727},"end":{"line":3,"column":2733}},"876":{"start":{"line":3,"column":2736},"end":{"line":3,"column":2774}},"877":{"start":{"line":3,"column":2777},"end":{"line":3,"column":2810}},"878":{"start":{"line":3,"column":2813},"end":{"line":3,"column":2835}},"879":{"start":{"line":3,"column":2849},"end":{"line":3,"column":2857}},"880":{"start":{"line":3,"column":2871},"end":{"line":3,"column":2879}},"881":{"start":{"line":3,"column":2893},"end":{"line":3,"column":2930}},"882":{"start":{"line":3,"column":2897},"end":{"line":3,"column":2919}},"883":{"start":{"line":3,"column":2931},"end":{"line":3,"column":11628}},"884":{"start":{"line":3,"column":3002},"end":{"line":3,"column":3010}},"885":{"start":{"line":3,"column":3011},"end":{"line":3,"column":3841}},"886":{"start":{"line":3,"column":3017},"end":{"line":3,"column":3282}},"887":{"start":{"line":3,"column":3153},"end":{"line":3,"column":3243}},"888":{"start":{"line":3,"column":3282},"end":{"line":3,"column":3840}},"889":{"start":{"line":3,"column":3292},"end":{"line":3,"column":3840}},"890":{"start":{"line":3,"column":3898},"end":{"line":3,"column":3920}},"891":{"start":{"line":3,"column":3921},"end":{"line":3,"column":4612}},"892":{"start":{"line":3,"column":3941},"end":{"line":3,"column":3977}},"893":{"start":{"line":3,"column":3977},"end":{"line":3,"column":4553}},"894":{"start":{"line":3,"column":3987},"end":{"line":3,"column":4553}},"895":{"start":{"line":3,"column":4052},"end":{"line":3,"column":4200}},"896":{"start":{"line":3,"column":4200},"end":{"line":3,"column":4401}},"897":{"start":{"line":3,"column":4210},"end":{"line":3,"column":4401}},"898":{"start":{"line":3,"column":4401},"end":{"line":3,"column":4504}},"899":{"start":{"line":3,"column":4510},"end":{"line":3,"column":4553}},"900":{"start":{"line":3,"column":4521},"end":{"line":3,"column":4553}},"901":{"start":{"line":3,"column":4553},"end":{"line":3,"column":4611}},"902":{"start":{"line":3,"column":4660},"end":{"line":3,"column":4666}},"903":{"start":{"line":3,"column":4669},"end":{"line":3,"column":4694}},"904":{"start":{"line":3,"column":4697},"end":{"line":3,"column":4744}},"905":{"start":{"line":3,"column":4745},"end":{"line":3,"column":5902}},"906":{"start":{"line":3,"column":5230},"end":{"line":3,"column":5418}},"907":{"start":{"line":3,"column":5266},"end":{"line":3,"column":5351}},"908":{"start":{"line":3,"column":5337},"end":{"line":3,"column":5351}},"909":{"start":{"line":3,"column":5351},"end":{"line":3,"column":5417}},"910":{"start":{"line":3,"column":5418},"end":{"line":3,"column":5422}},"911":{"start":{"line":3,"column":5422},"end":{"line":3,"column":5659}},"912":{"start":{"line":3,"column":5466},"end":{"line":3,"column":5659}},"913":{"start":{"line":3,"column":5659},"end":{"line":3,"column":5901}},"914":{"start":{"line":3,"column":5925},"end":{"line":3,"column":5942}},"915":{"start":{"line":3,"column":5958},"end":{"line":3,"column":5960}},"916":{"start":{"line":3,"column":5963},"end":{"line":3,"column":5980}},"917":{"start":{"line":3,"column":5983},"end":{"line":3,"column":6021}},"918":{"start":{"line":3,"column":6024},"end":{"line":3,"column":6051}},"919":{"start":{"line":3,"column":6052},"end":{"line":3,"column":6592}},"920":{"start":{"line":3,"column":6133},"end":{"line":3,"column":6171}},"921":{"start":{"line":3,"column":6171},"end":{"line":3,"column":6532}},"922":{"start":{"line":3,"column":6216},"end":{"line":3,"column":6243}},"923":{"start":{"line":3,"column":6243},"end":{"line":3,"column":6531}},"924":{"start":{"line":3,"column":6305},"end":{"line":3,"column":6531}},"925":{"start":{"line":3,"column":6532},"end":{"line":3,"column":6591}},"926":{"start":{"line":3,"column":6631},"end":{"line":3,"column":6633}},"927":{"start":{"line":3,"column":6636},"end":{"line":3,"column":6651}},"928":{"start":{"line":3,"column":6654},"end":{"line":3,"column":6662}},"929":{"start":{"line":3,"column":6663},"end":{"line":3,"column":6973}},"930":{"start":{"line":3,"column":6711},"end":{"line":3,"column":6973}},"931":{"start":{"line":3,"column":6746},"end":{"line":3,"column":6973}},"932":{"start":{"line":3,"column":6784},"end":{"line":3,"column":6935}},"933":{"start":{"line":3,"column":6805},"end":{"line":3,"column":6935}},"934":{"start":{"line":3,"column":6935},"end":{"line":3,"column":6972}},"935":{"start":{"line":3,"column":6973},"end":{"line":3,"column":7033}},"936":{"start":{"line":3,"column":7260},"end":{"line":3,"column":7331}},"937":{"start":{"line":3,"column":7483},"end":{"line":3,"column":7491}},"938":{"start":{"line":3,"column":7492},"end":{"line":3,"column":7826}},"939":{"start":{"line":3,"column":7845},"end":{"line":3,"column":7870}},"940":{"start":{"line":3,"column":7861},"end":{"line":3,"column":7870}},"941":{"start":{"line":3,"column":7882},"end":{"line":3,"column":7888}},"942":{"start":{"line":3,"column":7891},"end":{"line":3,"column":7892}},"943":{"start":{"line":3,"column":7895},"end":{"line":3,"column":7911}},"944":{"start":{"line":3,"column":7912},"end":{"line":3,"column":8065}},"945":{"start":{"line":3,"column":8065},"end":{"line":3,"column":8092}},"946":{"start":{"line":3,"column":8075},"end":{"line":3,"column":8092}},"947":{"start":{"line":3,"column":8092},"end":{"line":3,"column":8200}},"948":{"start":{"line":3,"column":8256},"end":{"line":3,"column":8310}},"949":{"start":{"line":3,"column":8361},"end":{"line":3,"column":8413}},"950":{"start":{"line":3,"column":8466},"end":{"line":3,"column":8557}},"951":{"start":{"line":3,"column":8580},"end":{"line":3,"column":8611}},"952":{"start":{"line":3,"column":8653},"end":{"line":3,"column":8727}},"953":{"start":{"line":3,"column":8764},"end":{"line":3,"column":8828}},"954":{"start":{"line":3,"column":8829},"end":{"line":3,"column":8926}},"955":{"start":{"line":3,"column":8959},"end":{"line":3,"column":9011}},"956":{"start":{"line":3,"column":9035},"end":{"line":3,"column":9326}},"957":{"start":{"line":3,"column":9455},"end":{"line":3,"column":9473}},"958":{"start":{"line":3,"column":9474},"end":{"line":3,"column":9539}},"959":{"start":{"line":3,"column":9574},"end":{"line":3,"column":9592}},"960":{"start":{"line":3,"column":9593},"end":{"line":3,"column":9662}},"961":{"start":{"line":3,"column":9706},"end":{"line":3,"column":9724}},"962":{"start":{"line":3,"column":9725},"end":{"line":3,"column":9844}},"963":{"start":{"line":3,"column":9968},"end":{"line":3,"column":10181}},"964":{"start":{"line":3,"column":10041},"end":{"line":3,"column":10045}},"965":{"start":{"line":3,"column":10048},"end":{"line":3,"column":10063}},"966":{"start":{"line":3,"column":10066},"end":{"line":3,"column":10077}},"967":{"start":{"line":3,"column":10078},"end":{"line":3,"column":10179}},"968":{"start":{"line":3,"column":10263},"end":{"line":3,"column":10322}},"969":{"start":{"line":3,"column":10275},"end":{"line":3,"column":10321}},"970":{"start":{"line":3,"column":10323},"end":{"line":3,"column":10595}},"971":{"start":{"line":3,"column":10366},"end":{"line":3,"column":10390}},"972":{"start":{"line":3,"column":10393},"end":{"line":3,"column":10406}},"973":{"start":{"line":3,"column":10407},"end":{"line":3,"column":10459}},"974":{"start":{"line":3,"column":10487},"end":{"line":3,"column":10511}},"975":{"start":{"line":3,"column":10514},"end":{"line":3,"column":10529}},"976":{"start":{"line":3,"column":10530},"end":{"line":3,"column":10593}},"977":{"start":{"line":3,"column":10642},"end":{"line":3,"column":10748}},"978":{"start":{"line":3,"column":10665},"end":{"line":3,"column":10703}},"979":{"start":{"line":3,"column":10703},"end":{"line":3,"column":10736}},"980":{"start":{"line":3,"column":10714},"end":{"line":3,"column":10736}},"981":{"start":{"line":3,"column":10736},"end":{"line":3,"column":10747}},"982":{"start":{"line":3,"column":10748},"end":{"line":3,"column":10883}},"983":{"start":{"line":3,"column":10856},"end":{"line":3,"column":10860}},"984":{"start":{"line":3,"column":10865},"end":{"line":3,"column":10883}},"985":{"start":{"line":3,"column":10871},"end":{"line":3,"column":10883}},"986":{"start":{"line":3,"column":10883},"end":{"line":3,"column":11041}},"987":{"start":{"line":3,"column":10916},"end":{"line":3,"column":10957}},"988":{"start":{"line":3,"column":11014},"end":{"line":3,"column":11039}},"989":{"start":{"line":3,"column":11065},"end":{"line":3,"column":11090}},"990":{"start":{"line":3,"column":11120},"end":{"line":3,"column":11278}},"991":{"start":{"line":3,"column":11156},"end":{"line":3,"column":11278}},"992":{"start":{"line":3,"column":11278},"end":{"line":3,"column":11343}},"993":{"start":{"line":3,"column":11301},"end":{"line":3,"column":11331}},"994":{"start":{"line":3,"column":11312},"end":{"line":3,"column":11331}},"995":{"start":{"line":3,"column":11331},"end":{"line":3,"column":11342}},"996":{"start":{"line":3,"column":11343},"end":{"line":3,"column":11459}},"997":{"start":{"line":3,"column":11431},"end":{"line":3,"column":11457}},"998":{"start":{"line":3,"column":11483},"end":{"line":3,"column":11538}},"999":{"start":{"line":3,"column":11511},"end":{"line":3,"column":11536}},"1000":{"start":{"line":3,"column":11575},"end":{"line":3,"column":11582}},"1001":{"start":{"line":3,"column":11583},"end":{"line":3,"column":11624}},"1002":{"start":{"line":3,"column":11635},"end":{"line":3,"column":11708}},"1003":{"start":{"line":3,"column":11712},"end":{"line":3,"column":11723}},"1004":{"start":{"line":3,"column":11727},"end":{"line":3,"column":11738}},"1005":{"start":{"line":3,"column":11742},"end":{"line":3,"column":11767}},"1006":{"start":{"line":3,"column":11771},"end":{"line":3,"column":11806}},"1007":{"start":{"line":3,"column":11810},"end":{"line":3,"column":11837}},"1008":{"start":{"line":3,"column":11841},"end":{"line":3,"column":11854}},"1009":{"start":{"line":3,"column":11858},"end":{"line":3,"column":11900}},"1010":{"start":{"line":3,"column":11904},"end":{"line":3,"column":12154}},"1011":{"start":{"line":3,"column":12155},"end":{"line":3,"column":12239}},"1012":{"start":{"line":3,"column":12256},"end":{"line":3,"column":12425}},"1013":{"start":{"line":3,"column":12441},"end":{"line":3,"column":12499}},"1014":{"start":{"line":3,"column":12521},"end":{"line":3,"column":12536}},"1015":{"start":{"line":3,"column":12537},"end":{"line":3,"column":12585}},"1016":{"start":{"line":3,"column":12603},"end":{"line":3,"column":12687}},"1017":{"start":{"line":3,"column":12634},"end":{"line":3,"column":12687}},"1018":{"start":{"line":3,"column":12725},"end":{"line":3,"column":12954}},"1019":{"start":{"line":3,"column":12744},"end":{"line":3,"column":12896}},"1020":{"start":{"line":3,"column":12802},"end":{"line":3,"column":12830}},"1021":{"start":{"line":3,"column":12830},"end":{"line":3,"column":12895}},"1022":{"start":{"line":3,"column":12841},"end":{"line":3,"column":12895}},"1023":{"start":{"line":3,"column":12871},"end":{"line":3,"column":12895}},"1024":{"start":{"line":3,"column":12896},"end":{"line":3,"column":12953}},"1025":{"start":{"line":3,"column":12978},"end":{"line":3,"column":13080}},"1026":{"start":{"line":3,"column":13081},"end":{"line":3,"column":13135}},"1027":{"star
[...]
tart":{"line":7,"column":531},"end":{"line":7,"column":547}},"24":{"start":{"line":7,"column":548},"end":{"line":7,"column":582}},"25":{"start":{"line":7,"column":566},"end":{"line":7,"column":581}},"26":{"start":{"line":7,"column":582},"end":{"line":7,"column":627}},"27":{"start":{"line":7,"column":627},"end":{"line":7,"column":671}},"28":{"start":{"line":7,"column":671},"end":{"line":7,"column":766}},"29":{"start":{"line":7,"column":689},"end":{"line":7,"column":765}},"30":{"start":{"line":7,"column":766},"end":{"line":7,"column":892}},"31":{"start":{"line":7,"column":775},"end":{"line":7,"column":891}},"32":{"start":{"line":7,"column":808},"end":{"line":7,"column":843}},"33":{"start":{"line":7,"column":818},"end":{"line":7,"column":826}},"34":{"start":{"line":7,"column":826},"end":{"line":7,"column":836}},"35":{"start":{"line":7,"column":836},"end":{"line":7,"column":842}},"36":{"start":{"line":7,"column":871},"end":{"line":7,"column":879}},"37":{"start":{"line":7,"column":879},"end":{"line":7,"column":889}},"38":{"start":{"line":7,"column":892},"end":{"line":7,"column":964}},"39":{"start":{"line":7,"column":934},"end":{"line":7,"column":942}},"40":{"start":{"line":7,"column":943},"end":{"line":7,"column":961}},"41":{"start":{"line":7,"column":952},"end":{"line":7,"column":960}},"42":{"start":{"line":7,"column":964},"end":{"line":7,"column":982}},"43":{"start":{"line":7,"column":982},"end":{"line":7,"column":1066}},"44":{"start":{"line":7,"column":993},"end":{"line":7,"column":1065}},"45":{"start":{"line":7,"column":1040},"end":{"line":7,"column":1063}},"46":{"start":{"line":7,"column":1066},"end":{"line":7,"column":1195}},"47":{"start":{"line":7,"column":1074},"end":{"line":7,"column":1194}},"48":{"start":{"line":7,"column":1116},"end":{"line":7,"column":1180}},"49":{"start":{"line":7,"column":1180},"end":{"line":7,"column":1192}},"50":{"start":{"line":7,"column":1212},"end":{"line":7,"column":1227}},"51":{"start":{"line":7,"column":1227},"end":{"line":7,"column":1239}},"52":{"start":{"line":7,"column":1259},"end":{"line":7,"column":1288}},"53":{"start":{"line":7,"column":1279},"end":{"line":7,"column":1287}},"54":{"start":{"line":7,"column":1299},"end":{"line":7,"column":1305}},"55":{"start":{"line":7,"column":1313},"end":{"line":7,"column":1364}},"56":{"start":{"line":7,"column":1371},"end":{"line":7,"column":1386}},"57":{"start":{"line":7,"column":1392},"end":{"line":7,"column":1401}},"58":{"start":{"line":7,"column":1411},"end":{"line":7,"column":1421}},"59":{"start":{"line":7,"column":1422},"end":{"line":7,"column":1449}},"60":{"start":{"line":7,"column":1430},"end":{"line":7,"column":1449}},"61":{"start":{"line":7,"column":1449},"end":{"line":7,"column":1500}},"62":{"start":{"line":7,"column":1458},"end":{"line":7,"column":1466}},"63":{"start":{"line":7,"column":1466},"end":{"line":7,"column":1499}},"64":{"start":{"line":7,"column":1500},"end":{"line":7,"column":1598}},"65":{"start":{"line":7,"column":1510},"end":{"line":7,"column":1524}},"66":{"start":{"line":7,"column":1524},"end":{"line":7,"column":1583}},"67":{"start":{"line":7,"column":1539},"end":{"line":7,"column":1542}},"68":{"start":{"line":7,"column":1548},"end":{"line":7,"column":1583}},"69":{"start":{"line":7,"column":1561},"end":{"line":7,"column":1567}},"70":{"start":{"line":7,"column":1573},"end":{"line":7,"column":1582}},"71":{"start":{"line":7,"column":1583},"end":{"line":7,"column":1597}},"72":{"start":{"line":7,"column":1598},"end":{"line":7,"column":1710}},"73":{"start":{"line":7,"column":1703},"end":{"line":7,"column":1710}},"74":{"start":{"line":7,"column":1710},"end":{"line":7,"column":1738}},"75":{"start":{"line":7,"column":1721},"end":{"line":7,"column":1737}},"76":{"start":{"line":7,"column":1738},"end":{"line":7,"column":1797}},"77":{"start":{"line":7,"column":1753},"end":{"line":7,"column":1796}},"78":{"start":{"line":7,"column":1797},"end":{"line":7,"column":1829}},"79":{"start":{"line":7,"column":1829},"end":{"line":7,"column":1848}},"80":{"start":{"line":7,"column":1865},"end":{"line":7,"column":1880}},"81":{"start":{"line":7,"column":1898},"end":{"line":7,"column":1917}},"82":{"start":{"line":7,"column":1938},"end":{"line":7,"column":1958}},"83":{"start":{"line":7,"column":1979},"end":{"line":7,"column":2024}},"84":{"start":{"line":7,"column":2043},"end":{"line":7,"column":2071}},"85":{"start":{"line":7,"column":2062},"end":{"line":7,"column":2070}},"86":{"start":{"line":7,"column":2077},"end":{"line":7,"column":2087}},"87":{"start":{"line":7,"column":2090},"end":{"line":7,"column":2142}},"88":{"start":{"line":7,"column":2127},"end":{"line":7,"column":2141}},"89":{"start":{"line":7,"column":2142},"end":{"line":7,"column":2150}}},"fnMap":{"0":{"name":"(anonymous_0)","decl":{"start":{"line":7,"column":2},"end":{"line":7,"column":3}},"loc":{"start":{"line":7,"column":13},"end":{"line":7,"column":2155}},"line":7},"1":{"name":"(anonymous_1)","decl":{"start":{"line":7,"column":57},"end":{"line":7,"column":58}},"loc":{"start":{"line":7,"column":68},"end":{"line":7,"column":102}},"line":7},"2":{"name":"(anonymous_2)","decl":{"start":{"line":7,"column":221},"end":{"line":7,"column":222}},"loc":{"start":{"line":7,"column":232},"end":{"line":7,"column":2154}},"line":7},"3":{"name":"(anonymous_3)","decl":{"start":{"line":7,"column":250},"end":{"line":7,"column":251}},"loc":{"start":{"line":7,"column":260},"end":{"line":7,"column":2152}},"line":7},"4":{"name":"(anonymous_4)","decl":{"start":{"line":7,"column":796},"end":{"line":7,"column":797}},"loc":{"start":{"line":7,"column":807},"end":{"line":7,"column":844}},"line":7},"5":{"name":"(anonymous_5)","decl":{"start":{"line":7,"column":860},"end":{"line":7,"column":861}},"loc":{"start":{"line":7,"column":870},"end":{"line":7,"column":890}},"line":7},"6":{"name":"(anonymous_6)","decl":{"start":{"line":7,"column":914},"end":{"line":7,"column":915}},"loc":{"start":{"line":7,"column":927},"end":{"line":7,"column":962}},"line":7},"7":{"name":"(anonymous_7)","decl":{"start":{"line":7,"column":1028},"end":{"line":7,"column":1029}},"loc":{"start":{"line":7,"column":1039},"end":{"line":7,"column":1064}},"line":7},"8":{"name":"(anonymous_8)","decl":{"start":{"line":7,"column":1104},"end":{"line":7,"column":1105}},"loc":{"start":{"line":7,"column":1115},"end":{"line":7,"column":1193}},"line":7},"9":{"name":"move","decl":{"start":{"line":7,"column":1204},"end":{"line":7,"column":1208}},"loc":{"start":{"line":7,"column":1211},"end":{"line":7,"column":1240}},"line":7},"10":{"name":"jump","decl":{"start":{"line":7,"column":1249},"end":{"line":7,"column":1253}},"loc":{"start":{"line":7,"column":1258},"end":{"line":7,"column":1849}},"line":7},"11":{"name":"next","decl":{"start":{"line":7,"column":1858},"end":{"line":7,"column":1862}},"loc":{"start":{"line":7,"column":1864},"end":{"line":7,"column":1881}},"line":7},"12":{"name":"clear","decl":{"start":{"line":7,"column":1890},"end":{"line":7,"column":1895}},"loc":{"start":{"line":7,"column":1897},"end":{"line":7,"column":1918}},"line":7},"13":{"name":"getItems","decl":{"start":{"line":7,"column":1927},"end":{"line":7,"column":1935}},"loc":{"start":{"line":7,"column":1937},"end":{"line":7,"column":1959}},"line":7},"14":{"name":"trigger","decl":{"start":{"line":7,"column":1968},"end":{"line":7,"column":1975}},"loc":{"start":{"line":7,"column":1978},"end":{"line":7,"column":2025}},"line":7},"15":{"name":"index","decl":{"start":{"line":7,"column":2034},"end":{"line":7,"column":2039}},"loc":{"start":{"line":7,"column":2042},"end":{"line":7,"column":2151}},"line":7}},"branchMap":{"0":{"loc":{"start":{"line":7,"column":339},"end":{"line":7,"column":361}},"type":"cond-expr","locations":[{"start":{"line":7,"column":348},"end":{"line":7,"column":352}},{"start":{"line":7,"column":353},"end":{"line":7,"column":361}}],"line":7},"1":{"loc":{"start":{"line":7,"column":370},"end":{"line":7,"column":384}},"type":"binary-expr","locations":[{"start":{"line":7,"column":370},"end":{"line":7,"column":378}},{"start":{"line":7,"column":380},"end":{"line":7,"column":384}}],"line":7},"2":{"loc":{"start":{"line":7,"column":505},"end":{"line":7,"column":521}},"type":"if","locations":[{"start":{"line":7,"column":505},"end":{"line":7,"column":521}},{"start":{"line":7,"column":505},"end":{"line":7,"column":521}}],"line":7},"3":{"loc":{"start":{"line":7,"column":521},"end":{"line":7,"column":548}},"type":"if","locations":[{"start":{"line":7,"column":521},"end":{"line":7,"column":548}},{"start":{"line":7,"column":521},"end":{"line":7,"column":548}}],"line":7},"4":{"loc":{"start":{"line":7,"column":548},"end":{"line":7,"column":582}},"type":"if","locations":[{"start":{"line":7,"column":548},"end":{"line":7,"column":582}},{"start":{"line":7,"column":548},"end":{"line":7,"column":582}}],"line":7},"5":{"loc":{"start":{"line":7,"column":551},"end":{"line":7,"column":564}},"type":"binary-expr","locations":[{"start":{"line":7,"column":551},"end":{"line":7,"column":558}},{"start":{"line":7,"column":560},"end":{"line":7,"column":564}}],"line":7},"6":{"loc":{"start":{"line":7,"column":584},"end":{"line":7,"column":594}},"type":"binary-expr","locations":[{"start":{"line":7,"column":584},"end":{"line":7,"column":590}},{"start":{"line":7,"column":592},"end":{"line":7,"column":594}}],"line":7},"7":{"loc":{"start":{"line":7,"column":629},"end":{"line":7,"column":639}},"type":"binary-expr","locations":[{"start":{"line":7,"column":629},"end":{"line":7,"column":635}},{"start":{"line":7,"column":637},"end":{"line":7,"column":639}}],"line":7},"8":{"loc":{"start":{"line":7,"column":671},"end":{"line":7,"column":766}},"type":"if","locations":[{"start":{"line":7,"column":671},"end":{"line":7,"column":766}},{"start":{"line":7,"column":671},"end":{"line":7,"column":766}}],"line":7},"9":{"loc":{"start":{"line":7,"column":766},"end":{"line":7,"column":892}},"type":"if","locations":[{"start":{"line":7,"column":766},"end":{"line":7,"column":892}},{"start":{"line":7,"column":766},"end":{"line":7,"column":892}}],"line":7},"10":{"loc":{"start":{"line":7,"column":808},"end":{"line":7,"column":843}},"type":"if","locations":[{"start":{"line":7,"column":808},"end":{"line":7,"column":843}},{"start":{"line":7,"column":808},"end":{"line":7,"column":843}}],"line":7},"11":{"loc":{"start":{"line":7,"column":943},"end":{"line":7,"column":961}},"type":"if","locations":[{"start":{"line":7,"column":943},"end":{"line":7,"column":961}},{"start":{"line":7,"column":943},"end":{"line":7,"column":961}}],"line":7},"12":{"loc":{"start":{"line":7,"column":982},"end":{"line":7,"column":1066}},"type":"if","locations":[{"start":{"line":7,"column":982},"end":{"line":7,"column":1066}},{"start":{"line":7,"column":982},"end":{"line":7,"column":1066}}],"line":7},"13":{"loc":{"start":{"line":7,"column":994},"end":{"line":7,"column":1015}},"type":"cond-expr","locations":[{"start":{"line":7,"column":999},"end":{"line":7,"column":1004}},{"start":{"line":7,"column":1005},"end":{"line":7,"column":1015}}],"line":7},"14":{"loc":{"start":{"line":7,"column":1066},"end":{"line":7,"column":1195}},"type":"if","locations":[{"start":{"line":7,"column":1066},"end":{"line":7,"column":1195}},{"start":{"line":7,"column":1066},"end":{"line":7,"column":1195}}],"line":7},"15":{"loc":{"start":{"line":7,"column":1259},"end":{"line":7,"column":1288}},"type":"if","locations":[{"start":{"line":7,"column":1259},"end":{"line":7,"column":1288}},{"start":{"line":7,"column":1259},"end":{"line":7,"column":1288}}],"line":7},"16":{"loc":{"start":{"line":7,"column":1313},"end":{"line":7,"column":1364}},"type":"cond-expr","locations":[{"start":{"line":7,"column":1323},"end":{"line":7,"column":1353}},{"start":{"line":7,"column":1354},"end":{"line":7,"column":1364}}],"line":7},"17":{"loc":{"start":{"line":7,"column":1422},"end":{"line":7,"column":1449}},"type":"if","locations":[{"start":{"line":7,"column":1422},"end":{"line":7,"column":1449}},{"start":{"line":7,"column":1422},"end":{"line":7,"column":1449}}],"line":7},"18":{"loc":{"start":{"line":7,"column":1449},"end":{"line":7,"column":1500}},"type":"if","locations":[{"start":{"line":7,"column":1449},"end":{"line":7,"column":1500}},{"start":{"line":7,"column":1449},"end":{"line":7,"column":1500}}],"line":7},"19":{"loc":{"start":{"line":7,"column":1500},"end":{"line":7,"column":1598}},"type":"if","locations":[{"start":{"line":7,"column":1500},"end":{"line":7,"column":1598}},{"start":{"line":7,"column":1500},"end":{"line":7,"column":1598}}],"line":7},"20":{"loc":{"start":{"line":7,"column":1512},"end":{"line":7,"column":1523}},"type":"cond-expr","locations":[{"start":{"line":7,"column":1516},"end":{"line":7,"column":1517}},{"start":{"line":7,"column":1518},"end":{"line":7,"column":1523}}],"line":7},"21":{"loc":{"start":{"line":7,"column":1524},"end":{"line":7,"column":1583}},"type":"if","locations":[{"start":{"line":7,"column":1524},"end":{"line":7,"column":1583}},{"start":{"line":7,"column":1524},"end":{"line":7,"column":1583}}],"line":7},"22":{"loc":{"start":{"line":7,"column":1548},"end":{"line":7,"column":1583}},"type":"if","locations":[{"start":{"line":7,"column":1548},"end":{"line":7,"column":1583}},{"start":{"line":7,"column":1548},"end":{"line":7,"column":1583}}],"line":7},"23":{"loc":{"start":{"line":7,"column":1598},"end":{"line":7,"column":1710}},"type":"if","locations":[{"start":{"line":7,"column":1598},"end":{"line":7,"column":1710}},{"start":{"line":7,"column":1598},"end":{"line":7,"column":1710}}],"line":7},"24":{"loc":{"start":{"line":7,"column":1601},"end":{"line":7,"column":1702}},"type":"binary-expr","locations":[{"start":{"line":7,"column":1601},"end":{"line":7,"column":1606}},{"start":{"line":7,"column":1608},"end":{"line":7,"column":1614}},{"start":{"line":7,"column":1616},"end":{"line":7,"column":1637}},{"start":{"line":7,"column":1639},"end":{"line":7,"column":1643}},{"start":{"line":7,"column":1645},"end":{"line":7,"column":1655}},{"start":{"line":7,"column":1657},"end":{"line":7,"column":1702}}],"line":7},"25":{"loc":{"start":{"line":7,"column":1710},"end":{"line":7,"column":1738}},"type":"if","locations":[{"start":{"line":7,"column":1710},"end":{"line":7,"column":1738}},{"start":{"line":7,"column":1710},"end":{"line":7,"column":1738}}],"line":7},"26":{"loc":{"start":{"line":7,"column":1738},"end":{"line":7,"column":1797}},"type":"if","locations":[{"start":{"line":7,"column":1738},"end":{"line":7,"column":1797}},{"start":{"line":7,"column":1738},"end":{"line":7,"column":1797}}],"line":7},"27":{"loc":{"start":{"line":7,"column":2043},"end":{"line":7,"column":2071}},"type":"if","locations":[{"start":{"line":7,"column":2043},"end":{"line":7,"column":2071}},{"start":{"line":7,"column":2043},"end":{"line":7,"column":2071}}],"line":7},"28":{"loc":{"start":{"line":7,"column":2096},"end":{"line":7,"column":2125}},"type":"binary-expr","locations":[{"start":{"line":7,"column":2096},"end":{"line":7,"column":2115}},{"start":{"line":7,"column":2117},"end":{"line":7,"column":2125}}],"line":7}},"s":{"0":0,"1":0,"2":0,"3":0,"4":0,"5":0,"6":0,"7":0,"8":0,"9":0,"10":0,"11":0,"12":0,"13":0,"14":0,"15":0,"16":0,"17":0,"18":0,"19":0,"20":0,"21":0,"22":0,"23":0,"24":0,"25":0,"26":0,"27":0,"28":0,"29":0,"30":0,"31":0,"32":0,"33":0,"34":0,"35":0,"36":0,"37":0,"38":0,"39":0,"40":0,"41":0,"42":0,"43":0,"44":0,"45":0,"46":0,"47":0,"48":0,"49":0,"50":0,"51":0,"52":0,"53":0,"54":0,"55":0,"56":0,"57":0,"58":0,"59":0,"60":0,"61":0,"62":0,"63":0,"64":0,"65":0,"66":0,"67":0,"68":0,"69":0,"70":0,"71":0,"72":0,"73":0,"74":0,"75":0,"76":0,"77":0,"78":0,"79":0,"80":0,"81":0,"82":0,"83":0,"84":0,"85":0,"86":0,"87":0,"88":0,"89":0},"f":{"0":0,"1":0,"2":0,"3":0,"4":0,"5":0,"6":0,"7":0,"8":0,"9":0,"10":0,"11":0,"12":0,"13":0,"14":0,"15":0},"b":{"0":[0,0],"1":[0,0],"2":[0,0],"3":[0,0],"4":[0,0],"5":[0,0],"6":[0,0],"7":[0,0],"8":[0,0],"9":[0,0],"10":[0,0],"11":[0,0],"12":[0,0],"13":[0,0],"14":[0,0],"15":[0,0],"16":[0,0],"17":[0,0],"18":[0,0],"19":[0,0],"20":[0,0],"21":[0,0],"22":[0,0],"23":[0,0],"24":[0,0,0,0,0,0],"25":[0,0],"26":[0,0],"27":[0,0],"28":[0,0]}},"c:\\Users\\Pep\\projects\\interactivebcn.com\\scripts\\main.js":{"path":"c:\\Users\\Pep\\projects\\interactivebcn.com\\scripts\\main.js","statementMap":{"0":{"start":{"line":4,"column":4},"end":{"line":4,"column":74}},"1":{"start":{"line":5,"column":4},"end":{"line":8,"column":5}},"2":{"start":{"line":6,"column":8},"end":{"line":6,"column":40}},"3":{"start":{"line":7,"column":8},"end":{"line":7,"column":79}},"4":{"start":{"line":11,"column":0},"end":{"line":11,"column":34}},"5":{"start":{"line":13,"column":0},"end":{"line":13,"column":18}},"6":{"start":{"line":15,"column":0},"end":{"line":24,"column":3}},"7":{"start":{"line":16,"column":4},"end":{"line":23,"column":5}},"8":{"start":{"line":17,"column":8},"end":{"line":17,"column":50}},"9":{"start":{"line":18,"column":8},"end":{"line":18,"column":36}},"10":{"start":{"line":20,"column":11},"end":{"line":23,"column":5}},"11":{"start":{"line":21,"column":8},"end":{"line":21,"column":53}},"12":{"start":{"line":22,"column":8},"end":{"line":22,"column":36}},"13":{"start":{"line":25,"column":0},"end":{"line":25,"column":19}},"14":{"start":{"line":27,"column":0},"end":{"line":31,"column":3}},"15":{"start":{"line":28,"column":4},"end":{"line":30,"column":7}},"16":{"start":{"line":34,"column":0},"end":{"line":36,"column":2}},"17":{"start":{"line":35,"column":4},"end":{"line":35,"column":54}},"18":{"start":{"line":40,"column":0},"end":{"line":57,"column":3}},"19":{"start":{"line":50,"column":8},"end":{"line":50,"column":27}},"20":{"start":{"line":51,"column":8},"end":{"line":52,"column":24}},"21":{"start":{"line":52,"column":12},"end":{"line":52,"column":24}},"22":{"start":{"line":59,"column":0},"end":{"line":59,"column":40}}},"fnMap":{"0":{"name":"calculateHeight","decl":{"start":{"line":3,"column":9},"end":{"line":3,"column":24}},"loc":{"start":{"line":3,"column":27},"end":{"line":9,"column":1}},"line":3},"1":{"name":"(anonymous_1)","decl":{"start":{"line":15,"column":17},"end":{"line":15,"column":18}},"loc":{"start":{"line":15,"column":28},"end":{"line":24,"column":1}},"line":15},"2":{"name":"(anonymous_2)","decl":{"start":{"line":27,"column":18},"end":{"line":27,"column":19}},"loc":{"start":{"line":27,"column":29},"end":{"line":31,"column":1}},"line":27},"3":{"name":"(anonymous_3)","decl":{"start":{"line":34,"column":29},"end":{"line":34,"column":30}},"loc":{"start":{"line":34,"column":53},"end":{"line":36,"column":1}},"line":34},"4":{"name":"(anonymous_4)","decl":{"start":{"line":49,"column":14},"end":{"line":49,"column":15}},"loc":{"start":{"line":49,"column":52},"end":{"line":53,"column":5}},"line":49},"5":{"name":"(anonymous_5)","decl":{"start":{"line":54,"column":13},"end":{"line":54,"column":14}},"loc":{"start":{"line":54,"column":28},"end":{"line":56,"column":5}},"line":54}},"branchMap":{"0":{"loc":{"start":{"line":5,"column":4},"end":{"line":8,"column":5}},"type":"if","locations":[{"start":{"line":5,"column":4},"end":{"line":8,"column":5}},{"start":{"line":5,"column":4},"end":{"line":8,"column":5}}],"line":5},"1":{"loc":{"start":{"line":16,"column":4},"end":{"line":23,"column":5}},"type":"if","locations":[{"start":{"line":16,"column":4},"end":{"line":23,"column":5}},{"start":{"line":16,"column":4},"end":{"line":23,"column":5}}],"line":16},"2":{"loc":{"start":{"line":20,"column":11},"end":{"line":23,"column":5}},"type":"if","locations":[{"start":{"line":20,"column":11},"end":{"line":23,"column":5}},{"start":{"line":20,"column":11},"end":{"line":23,"column":5}}],"line":20},"3":{"loc":{"start":{"line":51,"column":8},"end":{"line":52,"column":24}},"type":"if","locations":[{"start":{"line":51,"column":8},"end":{"line":52,"column":24}},{"start":{"line":51,"column":8},"end":{"line":52,"column":24}}],"line":51}},"s":{"0":0,"1":0,"2":0,"3":0,"4":0,"5":0,"6":0,"7":0,"8":0,"9":0,"10":0,"11":0,"12":0,"13":0,"14":0,"15":0,"16":0,"17":0,"18":0,"19":0,"20":0,"21":0,"22":0},"f":{"0":0,"1":0,"2":0,"3":0,"4":0,"5":0},"b":{"0":[0,0],"1":[0,0],"2":[0,0],"3":[0,0]}}}